{"numTotalTestSuites":59,"numPassedTestSuites":6,"numFailedTestSuites":53,"numPendingTestSuites":0,"numTotalTests":142,"numPassedTests":52,"numFailedTests":90,"numPendingTests":0,"numTodoTests":0,"snapshot":{"added":0,"failure":false,"filesAdded":0,"filesRemoved":0,"filesRemovedList":[],"filesUnmatched":0,"filesUpdated":0,"matched":0,"total":0,"unchecked":0,"uncheckedKeysByFile":[],"unmatched":0,"updated":0,"didUpdate":false},"startTime":1773899798002,"success":false,"testResults":[{"assertionResults":[{"ancestorTitles":["LoginManager","初始化"],"fullName":"LoginManager 初始化 應該正確初始化登入管理器","status":"passed","title":"應該正確初始化登入管理器","duration":11.644999999999982,"failureMessages":[],"location":{"line":12,"column":5},"meta":{}},{"ancestorTitles":["LoginManager","登入功能"],"fullName":"LoginManager 登入功能 應該能夠成功登入","status":"failed","title":"應該能夠成功登入","duration":11.919400000000223,"failureMessages":["AssertionError: expected false to be true // Object.is equality\n    at C:\\Users\\Ng\\rs-system\\test\\unit\\core.login-manager.test.js:28:30\n    at file:///C:/Users/Ng/rs-system/node_modules/@vitest/runner/dist/index.js:533:5\n    at runTest (file:///C:/Users/Ng/rs-system/node_modules/@vitest/runner/dist/index.js:1056:11)\n    at async Promise.all (index 0)\n    at runSuite (file:///C:/Users/Ng/rs-system/node_modules/@vitest/runner/dist/index.js:1191:13)\n    at async Promise.all (index 1)\n    at runSuite (file:///C:/Users/Ng/rs-system/node_modules/@vitest/runner/dist/index.js:1191:13)\n    at async Promise.all (index 0)\n    at runSuite (file:///C:/Users/Ng/rs-system/node_modules/@vitest/runner/dist/index.js:1191:13)\n    at runFiles (file:///C:/Users/Ng/rs-system/node_modules/@vitest/runner/dist/index.js:1262:5)"],"location":{"line":22,"column":5},"meta":{}},{"ancestorTitles":["LoginManager","登入功能"],"fullName":"LoginManager 登入功能 應該拒絕無效的用戶名","status":"passed","title":"應該拒絕無效的用戶名","duration":11.91820000000007,"failureMessages":[],"location":{"line":33,"column":5},"meta":{}},{"ancestorTitles":["LoginManager","登入功能"],"fullName":"LoginManager 登入功能 應該拒絕無效的密碼","status":"passed","title":"應該拒絕無效的密碼","duration":11.924099999999726,"failureMessages":[],"location":{"line":40,"column":5},"meta":{}},{"ancestorTitles":["LoginManager","登入功能"],"fullName":"LoginManager 登入功能 應該拒絕不存在的用戶","status":"failed","title":"應該拒絕不存在的用戶","duration":11.93159999999989,"failureMessages":["AssertionError: expected '用戶名或密碼錯誤' to contain '用戶不存在'\n    at C:\\Users\\Ng\\rs-system\\test\\unit\\core.login-manager.test.js:51:28\n    at file:///C:/Users/Ng/rs-system/node_modules/@vitest/runner/dist/index.js:533:5\n    at runTest (file:///C:/Users/Ng/rs-system/node_modules/@vitest/runner/dist/index.js:1056:11)\n    at async Promise.all (index 3)\n    at runSuite (file:///C:/Users/Ng/rs-system/node_modules/@vitest/runner/dist/index.js:1191:13)\n    at async Promise.all (index 1)\n    at runSuite (file:///C:/Users/Ng/rs-system/node_modules/@vitest/runner/dist/index.js:1191:13)\n    at async Promise.all (index 0)\n    at runSuite (file:///C:/Users/Ng/rs-system/node_modules/@vitest/runner/dist/index.js:1191:13)\n    at runFiles (file:///C:/Users/Ng/rs-system/node_modules/@vitest/runner/dist/index.js:1262:5)"],"location":{"line":47,"column":5},"meta":{}},{"ancestorTitles":["LoginManager","登入功能"],"fullName":"LoginManager 登入功能 應該拒絕錯誤的密碼","status":"passed","title":"應該拒絕錯誤的密碼","duration":5.349999999999909,"failureMessages":[],"location":{"line":54,"column":5},"meta":{}},{"ancestorTitles":["LoginManager","登出功能"],"fullName":"LoginManager 登出功能 應該能夠成功登出","status":"failed","title":"應該能夠成功登出","duration":5.0908000000003995,"failureMessages":["AssertionError: expected false to be true // Object.is equality\n    at C:\\Users\\Ng\\rs-system\\test\\unit\\core.login-manager.test.js:68:42\n    at file:///C:/Users/Ng/rs-system/node_modules/@vitest/runner/dist/index.js:533:5\n    at runTest (file:///C:/Users/Ng/rs-system/node_modules/@vitest/runner/dist/index.js:1056:11)\n    at async Promise.all (index 0)\n    at runSuite (file:///C:/Users/Ng/rs-system/node_modules/@vitest/runner/dist/index.js:1191:13)\n    at async Promise.all (index 2)\n    at runSuite (file:///C:/Users/Ng/rs-system/node_modules/@vitest/runner/dist/index.js:1191:13)\n    at async Promise.all (index 0)\n    at runSuite (file:///C:/Users/Ng/rs-system/node_modules/@vitest/runner/dist/index.js:1191:13)\n    at runFiles (file:///C:/Users/Ng/rs-system/node_modules/@vitest/runner/dist/index.js:1262:5)"],"location":{"line":63,"column":5},"meta":{}},{"ancestorTitles":["LoginManager","狀態檢查"],"fullName":"LoginManager 狀態檢查 應該正確檢查登入狀態","status":"failed","title":"應該正確檢查登入狀態","duration":5.0284999999998945,"failureMessages":["AssertionError: expected false to be true // Object.is equality\n    at C:\\Users\\Ng\\rs-system\\test\\unit\\core.login-manager.test.js:86:42\n    at file:///C:/Users/Ng/rs-system/node_modules/@vitest/runner/dist/index.js:533:5\n    at runTest (file:///C:/Users/Ng/rs-system/node_modules/@vitest/runner/dist/index.js:1056:11)\n    at async Promise.all (index 0)\n    at runSuite (file:///C:/Users/Ng/rs-system/node_modules/@vitest/runner/dist/index.js:1191:13)\n    at async Promise.all (index 3)\n    at runSuite (file:///C:/Users/Ng/rs-system/node_modules/@vitest/runner/dist/index.js:1191:13)\n    at async Promise.all (index 0)\n    at runSuite (file:///C:/Users/Ng/rs-system/node_modules/@vitest/runner/dist/index.js:1191:13)\n    at runFiles (file:///C:/Users/Ng/rs-system/node_modules/@vitest/runner/dist/index.js:1262:5)"],"location":{"line":80,"column":5},"meta":{}},{"ancestorTitles":["LoginManager","狀態檢查"],"fullName":"LoginManager 狀態檢查 應該正確獲取當前用戶","status":"failed","title":"應該正確獲取當前用戶","duration":4.9857999999999265,"failureMessages":["TypeError: Cannot read properties of null (reading 'username')\n    at C:\\Users\\Ng\\rs-system\\test\\unit\\core.login-manager.test.js:102:19\n    at file:///C:/Users/Ng/rs-system/node_modules/@vitest/runner/dist/index.js:533:5\n    at runTest (file:///C:/Users/Ng/rs-system/node_modules/@vitest/runner/dist/index.js:1056:11)\n    at async Promise.all (index 1)\n    at runSuite (file:///C:/Users/Ng/rs-system/node_modules/@vitest/runner/dist/index.js:1191:13)\n    at async Promise.all (index 3)\n    at runSuite (file:///C:/Users/Ng/rs-system/node_modules/@vitest/runner/dist/index.js:1191:13)\n    at async Promise.all (index 0)\n    at runSuite (file:///C:/Users/Ng/rs-system/node_modules/@vitest/runner/dist/index.js:1191:13)\n    at runFiles (file:///C:/Users/Ng/rs-system/node_modules/@vitest/runner/dist/index.js:1262:5)"],"location":{"line":93,"column":5},"meta":{}},{"ancestorTitles":["LoginManager","會話管理"],"fullName":"LoginManager 會話管理 應該保持登入狀態","status":"failed","title":"應該保持登入狀態","duration":4.961700000000292,"failureMessages":["AssertionError: expected false to be true // Object.is equality\n    at C:\\Users\\Ng\\rs-system\\test\\unit\\core.login-manager.test.js:116:42\n    at file:///C:/Users/Ng/rs-system/node_modules/@vitest/runner/dist/index.js:533:5\n    at runTest (file:///C:/Users/Ng/rs-system/node_modules/@vitest/runner/dist/index.js:1056:11)\n    at async Promise.all (index 0)\n    at runSuite (file:///C:/Users/Ng/rs-system/node_modules/@vitest/runner/dist/index.js:1191:13)\n    at async Promise.all (index 4)\n    at runSuite (file:///C:/Users/Ng/rs-system/node_modules/@vitest/runner/dist/index.js:1191:13)\n    at async Promise.all (index 0)\n    at runSuite (file:///C:/Users/Ng/rs-system/node_modules/@vitest/runner/dist/index.js:1191:13)\n    at runFiles (file:///C:/Users/Ng/rs-system/node_modules/@vitest/runner/dist/index.js:1262:5)"],"location":{"line":108,"column":5},"meta":{}},{"ancestorTitles":["LoginManager","會話管理"],"fullName":"LoginManager 會話管理 應該處理會話過期","status":"passed","title":"應該處理會話過期","duration":1.6463999999996304,"failureMessages":[],"location":{"line":120,"column":5},"meta":{}},{"ancestorTitles":["LoginManager","錯誤處理"],"fullName":"LoginManager 錯誤處理 應該處理網絡錯誤","status":"failed","title":"應該處理網絡錯誤","duration":1.6016999999997097,"failureMessages":["AssertionError: expected '帳號已鎖定，請稍後再試' to contain '網絡'\n    at C:\\Users\\Ng\\rs-system\\test\\unit\\core.login-manager.test.js:140:28\n    at file:///C:/Users/Ng/rs-system/node_modules/@vitest/runner/dist/index.js:533:5\n    at runTest (file:///C:/Users/Ng/rs-system/node_modules/@vitest/runner/dist/index.js:1056:11)\n    at async Promise.all (index 0)\n    at runSuite (file:///C:/Users/Ng/rs-system/node_modules/@vitest/runner/dist/index.js:1191:13)\n    at async Promise.all (index 5)\n    at runSuite (file:///C:/Users/Ng/rs-system/node_modules/@vitest/runner/dist/index.js:1191:13)\n    at async Promise.all (index 0)\n    at runSuite (file:///C:/Users/Ng/rs-system/node_modules/@vitest/runner/dist/index.js:1191:13)\n    at runFiles (file:///C:/Users/Ng/rs-system/node_modules/@vitest/runner/dist/index.js:1262:5)"],"location":{"line":133,"column":5},"meta":{}},{"ancestorTitles":["LoginManager","錯誤處理"],"fullName":"LoginManager 錯誤處理 應該處理服務器錯誤","status":"failed","title":"應該處理服務器錯誤","duration":1.5805999999997766,"failureMessages":["AssertionError: expected '帳號已鎖定，請稍後再試' to contain '服務器'\n    at C:\\Users\\Ng\\rs-system\\test\\unit\\core.login-manager.test.js:154:28\n    at file:///C:/Users/Ng/rs-system/node_modules/@vitest/runner/dist/index.js:533:5\n    at runTest (file:///C:/Users/Ng/rs-system/node_modules/@vitest/runner/dist/index.js:1056:11)\n    at async Promise.all (index 1)\n    at runSuite (file:///C:/Users/Ng/rs-system/node_modules/@vitest/runner/dist/index.js:1191:13)\n    at async Promise.all (index 5)\n    at runSuite (file:///C:/Users/Ng/rs-system/node_modules/@vitest/runner/dist/index.js:1191:13)\n    at async Promise.all (index 0)\n    at runSuite (file:///C:/Users/Ng/rs-system/node_modules/@vitest/runner/dist/index.js:1191:13)\n    at runFiles (file:///C:/Users/Ng/rs-system/node_modules/@vitest/runner/dist/index.js:1262:5)"],"location":{"line":143,"column":5},"meta":{}}],"startTime":1773899800509,"endTime":1773899800528.6465,"status":"failed","message":"","name":"C:/Users/Ng/rs-system/test/unit/core.login-manager.test.js"},{"assertionResults":[{"ancestorTitles":["StorageManager","初始化"],"fullName":"StorageManager 初始化 應該正確初始化存儲管理器","status":"failed","title":"應該正確初始化存儲管理器","duration":13.457899999999881,"failureMessages":["AssertionError: expected 'undefined' to be 'function' // Object.is equality\n    at C:\\Users\\Ng\\rs-system\\test\\unit\\core.storage-manager.test.js:15:42\n    at file:///C:/Users/Ng/rs-system/node_modules/@vitest/runner/dist/index.js:146:14\n    at file:///C:/Users/Ng/rs-system/node_modules/@vitest/runner/dist/index.js:533:11\n    at runWithTimeout (file:///C:/Users/Ng/rs-system/node_modules/@vitest/runner/dist/index.js:39:7)\n    at runTest (file:///C:/Users/Ng/rs-system/node_modules/@vitest/runner/dist/index.js:1056:17)\n    at async Promise.all (index 0)\n    at runSuite (file:///C:/Users/Ng/rs-system/node_modules/@vitest/runner/dist/index.js:1191:13)\n    at async Promise.all (index 0)\n    at runSuite (file:///C:/Users/Ng/rs-system/node_modules/@vitest/runner/dist/index.js:1191:13)\n    at async Promise.all (index 0)"],"location":{"line":12,"column":5},"meta":{}},{"ancestorTitles":["StorageManager","數據存儲"],"fullName":"StorageManager 數據存儲 應該能夠存儲和檢索數據","status":"failed","title":"應該能夠存儲和檢索數據","duration":13.453300000000127,"failureMessages":["TypeError: __vite_ssr_import_1__.STORAGE_MANAGER.set is not a function\n    at C:\\Users\\Ng\\rs-system\\test\\unit\\core.storage-manager.test.js:27:29\n    at file:///C:/Users/Ng/rs-system/node_modules/@vitest/runner/dist/index.js:146:14\n    at file:///C:/Users/Ng/rs-system/node_modules/@vitest/runner/dist/index.js:533:11\n    at runWithTimeout (file:///C:/Users/Ng/rs-system/node_modules/@vitest/runner/dist/index.js:39:7)\n    at runTest (file:///C:/Users/Ng/rs-system/node_modules/@vitest/runner/dist/index.js:1056:17)\n    at async Promise.all (index 0)\n    at runSuite (file:///C:/Users/Ng/rs-system/node_modules/@vitest/runner/dist/index.js:1191:13)\n    at async Promise.all (index 1)\n    at runSuite (file:///C:/Users/Ng/rs-system/node_modules/@vitest/runner/dist/index.js:1191:13)\n    at async Promise.all (index 0)"],"location":{"line":23,"column":5},"meta":{}},{"ancestorTitles":["StorageManager","數據存儲"],"fullName":"StorageManager 數據存儲 應該能夠處理不存在的鍵","status":"failed","title":"應該能夠處理不存在的鍵","duration":13.436599999999999,"failureMessages":["TypeError: __vite_ssr_import_1__.STORAGE_MANAGER.get is not a function\n    at C:\\Users\\Ng\\rs-system\\test\\unit\\core.storage-manager.test.js:36:44\n    at file:///C:/Users/Ng/rs-system/node_modules/@vitest/runner/dist/index.js:146:14\n    at file:///C:/Users/Ng/rs-system/node_modules/@vitest/runner/dist/index.js:533:11\n    at runWithTimeout (file:///C:/Users/Ng/rs-system/node_modules/@vitest/runner/dist/index.js:39:7)\n    at runTest (file:///C:/Users/Ng/rs-system/node_modules/@vitest/runner/dist/index.js:1056:17)\n    at async Promise.all (index 1)\n    at runSuite (file:///C:/Users/Ng/rs-system/node_modules/@vitest/runner/dist/index.js:1191:13)\n    at async Promise.all (index 1)\n    at runSuite (file:///C:/Users/Ng/rs-system/node_modules/@vitest/runner/dist/index.js:1191:13)\n    at async Promise.all (index 0)"],"location":{"line":35,"column":5},"meta":{}},{"ancestorTitles":["StorageManager","數據存儲"],"fullName":"StorageManager 數據存儲 應該能夠刪除數據","status":"failed","title":"應該能夠刪除數據","duration":13.427599999999984,"failureMessages":["TypeError: __vite_ssr_import_1__.STORAGE_MANAGER.set is not a function\n    at C:\\Users\\Ng\\rs-system\\test\\unit\\core.storage-manager.test.js:44:29\n    at file:///C:/Users/Ng/rs-system/node_modules/@vitest/runner/dist/index.js:146:14\n    at file:///C:/Users/Ng/rs-system/node_modules/@vitest/runner/dist/index.js:533:11\n    at runWithTimeout (file:///C:/Users/Ng/rs-system/node_modules/@vitest/runner/dist/index.js:39:7)\n    at runTest (file:///C:/Users/Ng/rs-system/node_modules/@vitest/runner/dist/index.js:1056:17)\n    at async Promise.all (index 2)\n    at runSuite (file:///C:/Users/Ng/rs-system/node_modules/@vitest/runner/dist/index.js:1191:13)\n    at async Promise.all (index 1)\n    at runSuite (file:///C:/Users/Ng/rs-system/node_modules/@vitest/runner/dist/index.js:1191:13)\n    at async Promise.all (index 0)"],"location":{"line":40,"column":5},"meta":{}},{"ancestorTitles":["StorageManager","數據存儲"],"fullName":"StorageManager 數據存儲 應該能夠清空所有數據","status":"failed","title":"應該能夠清空所有數據","duration":13.41969999999992,"failureMessages":["TypeError: __vite_ssr_import_1__.STORAGE_MANAGER.set is not a function\n    at C:\\Users\\Ng\\rs-system\\test\\unit\\core.storage-manager.test.js:59:29\n    at file:///C:/Users/Ng/rs-system/node_modules/@vitest/runner/dist/index.js:146:14\n    at file:///C:/Users/Ng/rs-system/node_modules/@vitest/runner/dist/index.js:533:11\n    at runWithTimeout (file:///C:/Users/Ng/rs-system/node_modules/@vitest/runner/dist/index.js:39:7)\n    at runTest (file:///C:/Users/Ng/rs-system/node_modules/@vitest/runner/dist/index.js:1056:17)\n    at async Promise.all (index 3)\n    at runSuite (file:///C:/Users/Ng/rs-system/node_modules/@vitest/runner/dist/index.js:1191:13)\n    at async Promise.all (index 1)\n    at runSuite (file:///C:/Users/Ng/rs-system/node_modules/@vitest/runner/dist/index.js:1191:13)\n    at async Promise.all (index 0)"],"location":{"line":54,"column":5},"meta":{}},{"ancestorTitles":["StorageManager","錯誤處理"],"fullName":"StorageManager 錯誤處理 應該處理存儲錯誤","status":"failed","title":"應該處理存儲錯誤","duration":2.7470000000002983,"failureMessages":["TypeError: __vite_ssr_import_1__.STORAGE_MANAGER.set is not a function\n    at C:\\Users\\Ng\\rs-system\\test\\unit\\core.storage-manager.test.js:81:36\n    at file:///C:/Users/Ng/rs-system/node_modules/@vitest/runner/dist/index.js:146:14\n    at file:///C:/Users/Ng/rs-system/node_modules/@vitest/runner/dist/index.js:533:11\n    at runWithTimeout (file:///C:/Users/Ng/rs-system/node_modules/@vitest/runner/dist/index.js:39:7)\n    at runTest (file:///C:/Users/Ng/rs-system/node_modules/@vitest/runner/dist/index.js:1056:17)\n    at async Promise.all (index 0)\n    at runSuite (file:///C:/Users/Ng/rs-system/node_modules/@vitest/runner/dist/index.js:1191:13)\n    at async Promise.all (index 2)\n    at runSuite (file:///C:/Users/Ng/rs-system/node_modules/@vitest/runner/dist/index.js:1191:13)\n    at async Promise.all (index 0)"],"location":{"line":75,"column":5},"meta":{}},{"ancestorTitles":["StorageManager","錯誤處理"],"fullName":"StorageManager 錯誤處理 應該處理檢索錯誤","status":"failed","title":"應該處理檢索錯誤","duration":2.6799999999998363,"failureMessages":["TypeError: __vite_ssr_import_1__.STORAGE_MANAGER.get is not a function\n    at C:\\Users\\Ng\\rs-system\\test\\unit\\core.storage-manager.test.js:90:36\n    at file:///C:/Users/Ng/rs-system/node_modules/@vitest/runner/dist/index.js:146:14\n    at file:///C:/Users/Ng/rs-system/node_modules/@vitest/runner/dist/index.js:533:11\n    at runWithTimeout (file:///C:/Users/Ng/rs-system/node_modules/@vitest/runner/dist/index.js:39:7)\n    at runTest (file:///C:/Users/Ng/rs-system/node_modules/@vitest/runner/dist/index.js:1056:17)\n    at async Promise.all (index 1)\n    at runSuite (file:///C:/Users/Ng/rs-system/node_modules/@vitest/runner/dist/index.js:1191:13)\n    at async Promise.all (index 2)\n    at runSuite (file:///C:/Users/Ng/rs-system/node_modules/@vitest/runner/dist/index.js:1191:13)\n    at async Promise.all (index 0)"],"location":{"line":84,"column":5},"meta":{}},{"ancestorTitles":["StorageManager","數據序列化"],"fullName":"StorageManager 數據序列化 應該正確序列化複雜對象","status":"failed","title":"應該正確序列化複雜對象","duration":2.675499999999829,"failureMessages":["TypeError: __vite_ssr_import_1__.STORAGE_MANAGER.set is not a function\n    at C:\\Users\\Ng\\rs-system\\test\\unit\\core.storage-manager.test.js:104:29\n    at file:///C:/Users/Ng/rs-system/node_modules/@vitest/runner/dist/index.js:146:14\n    at file:///C:/Users/Ng/rs-system/node_modules/@vitest/runner/dist/index.js:533:11\n    at runWithTimeout (file:///C:/Users/Ng/rs-system/node_modules/@vitest/runner/dist/index.js:39:7)\n    at runTest (file:///C:/Users/Ng/rs-system/node_modules/@vitest/runner/dist/index.js:1056:17)\n    at async Promise.all (index 0)\n    at runSuite (file:///C:/Users/Ng/rs-system/node_modules/@vitest/runner/dist/index.js:1191:13)\n    at async Promise.all (index 3)\n    at runSuite (file:///C:/Users/Ng/rs-system/node_modules/@vitest/runner/dist/index.js:1191:13)\n    at async Promise.all (index 0)"],"location":{"line":95,"column":5},"meta":{}},{"ancestorTitles":["StorageManager","數據序列化"],"fullName":"StorageManager 數據序列化 應該處理循環引用","status":"failed","title":"應該處理循環引用","duration":2.676100000000133,"failureMessages":["TypeError: __vite_ssr_import_1__.STORAGE_MANAGER.set is not a function\n    at C:\\Users\\Ng\\rs-system\\test\\unit\\core.storage-manager.test.js:115:36\n    at file:///C:/Users/Ng/rs-system/node_modules/@vitest/runner/dist/index.js:146:14\n    at file:///C:/Users/Ng/rs-system/node_modules/@vitest/runner/dist/index.js:533:11\n    at runWithTimeout (file:///C:/Users/Ng/rs-system/node_modules/@vitest/runner/dist/index.js:39:7)\n    at runTest (file:///C:/Users/Ng/rs-system/node_modules/@vitest/runner/dist/index.js:1056:17)\n    at async Promise.all (index 1)\n    at runSuite (file:///C:/Users/Ng/rs-system/node_modules/@vitest/runner/dist/index.js:1191:13)\n    at async Promise.all (index 3)\n    at runSuite (file:///C:/Users/Ng/rs-system/node_modules/@vitest/runner/dist/index.js:1191:13)\n    at async Promise.all (index 0)"],"location":{"line":110,"column":5},"meta":{}}],"startTime":1773899800520,"endTime":1773899800535.747,"status":"failed","message":"","name":"C:/Users/Ng/rs-system/test/unit/core.storage-manager.test.js"},{"assertionResults":[{"ancestorTitles":["FormManager","表單數據讀取"],"fullName":"FormManager 表單數據讀取 應該正確讀取文本輸入框的值","status":"failed","title":"應該正確讀取文本輸入框的值","duration":29.421200000000226,"failureMessages":["AssertionError: expected undefined to be '測試學員' // Object.is equality\n    at C:\\Users\\Ng\\rs-system\\test\\unit\\ui.form-manager.test.js:34:36\n    at file:///C:/Users/Ng/rs-system/node_modules/@vitest/runner/dist/index.js:146:14\n    at file:///C:/Users/Ng/rs-system/node_modules/@vitest/runner/dist/index.js:533:11\n    at runWithTimeout (file:///C:/Users/Ng/rs-system/node_modules/@vitest/runner/dist/index.js:39:7)\n    at runTest (file:///C:/Users/Ng/rs-system/node_modules/@vitest/runner/dist/index.js:1056:17)\n    at async Promise.all (index 0)\n    at runSuite (file:///C:/Users/Ng/rs-system/node_modules/@vitest/runner/dist/index.js:1191:13)\n    at async Promise.all (index 0)\n    at runSuite (file:///C:/Users/Ng/rs-system/node_modules/@vitest/runner/dist/index.js:1191:13)\n    at async Promise.all (index 0)"],"location":{"line":28,"column":5},"meta":{}},{"ancestorTitles":["FormManager","表單數據讀取"],"fullName":"FormManager 表單數據讀取 應該正確讀取數字輸入框的值","status":"failed","title":"應該正確讀取數字輸入框的值","duration":29.34310000000005,"failureMessages":["AssertionError: expected undefined to be '10' // Object.is equality\n    at C:\\Users\\Ng\\rs-system\\test\\unit\\ui.form-manager.test.js:43:35\n    at file:///C:/Users/Ng/rs-system/node_modules/@vitest/runner/dist/index.js:146:14\n    at file:///C:/Users/Ng/rs-system/node_modules/@vitest/runner/dist/index.js:533:11\n    at runWithTimeout (file:///C:/Users/Ng/rs-system/node_modules/@vitest/runner/dist/index.js:39:7)\n    at runTest (file:///C:/Users/Ng/rs-system/node_modules/@vitest/runner/dist/index.js:1056:17)\n    at async Promise.all (index 1)\n    at runSuite (file:///C:/Users/Ng/rs-system/node_modules/@vitest/runner/dist/index.js:1191:13)\n    at async Promise.all (index 0)\n    at runSuite (file:///C:/Users/Ng/rs-system/node_modules/@vitest/runner/dist/index.js:1191:13)\n    at async Promise.all (index 0)"],"location":{"line":37,"column":5},"meta":{}},{"ancestorTitles":["FormManager","表單數據讀取"],"fullName":"FormManager 表單數據讀取 應該正確讀取單選框的值","status":"failed","title":"應該正確讀取單選框的值","duration":29.254399999999805,"failureMessages":["AssertionError: expected undefined to be 'advanced' // Object.is equality\n    at C:\\Users\\Ng\\rs-system\\test\\unit\\ui.form-manager.test.js:52:30\n    at file:///C:/Users/Ng/rs-system/node_modules/@vitest/runner/dist/index.js:146:14\n    at file:///C:/Users/Ng/rs-system/node_modules/@vitest/runner/dist/index.js:533:11\n    at runWithTimeout (file:///C:/Users/Ng/rs-system/node_modules/@vitest/runner/dist/index.js:39:7)\n    at runTest (file:///C:/Users/Ng/rs-system/node_modules/@vitest/runner/dist/index.js:1056:17)\n    at async Promise.all (index 2)\n    at runSuite (file:///C:/Users/Ng/rs-system/node_modules/@vitest/runner/dist/index.js:1191:13)\n    at async Promise.all (index 0)\n    at runSuite (file:///C:/Users/Ng/rs-system/node_modules/@vitest/runner/dist/index.js:1191:13)\n    at async Promise.all (index 0)"],"location":{"line":46,"column":5},"meta":{}},{"ancestorTitles":["FormManager","表單數據讀取"],"fullName":"FormManager 表單數據讀取 應該正確讀取下拉選擇框的值","status":"failed","title":"應該正確讀取下拉選擇框的值","duration":29.246700000000146,"failureMessages":["AssertionError: expected undefined to be 'class1' // Object.is equality\n    at C:\\Users\\Ng\\rs-system\\test\\unit\\ui.form-manager.test.js:61:37\n    at file:///C:/Users/Ng/rs-system/node_modules/@vitest/runner/dist/index.js:146:14\n    at file:///C:/Users/Ng/rs-system/node_modules/@vitest/runner/dist/index.js:533:11\n    at runWithTimeout (file:///C:/Users/Ng/rs-system/node_modules/@vitest/runner/dist/index.js:39:7)\n    at runTest (file:///C:/Users/Ng/rs-system/node_modules/@vitest/runner/dist/index.js:1056:17)\n    at async Promise.all (index 3)\n    at runSuite (file:///C:/Users/Ng/rs-system/node_modules/@vitest/runner/dist/index.js:1191:13)\n    at async Promise.all (index 0)\n    at runSuite (file:///C:/Users/Ng/rs-system/node_modules/@vitest/runner/dist/index.js:1191:13)\n    at async Promise.all (index 0)"],"location":{"line":55,"column":5},"meta":{}},{"ancestorTitles":["FormManager","表單數據讀取"],"fullName":"FormManager 表單數據讀取 應該正確讀取範圍滑桿的值","status":"failed","title":"應該正確讀取範圍滑桿的值","duration":29.241799999999785,"failureMessages":["AssertionError: expected 8 to be '8' // Object.is equality\n    at C:\\Users\\Ng\\rs-system\\test\\unit\\ui.form-manager.test.js:70:35\n    at file:///C:/Users/Ng/rs-system/node_modules/@vitest/runner/dist/index.js:146:14\n    at file:///C:/Users/Ng/rs-system/node_modules/@vitest/runner/dist/index.js:533:11\n    at runWithTimeout (file:///C:/Users/Ng/rs-system/node_modules/@vitest/runner/dist/index.js:39:7)\n    at runTest (file:///C:/Users/Ng/rs-system/node_modules/@vitest/runner/dist/index.js:1056:17)\n    at async Promise.all (index 4)\n    at runSuite (file:///C:/Users/Ng/rs-system/node_modules/@vitest/runner/dist/index.js:1191:13)\n    at async Promise.all (index 0)\n    at runSuite (file:///C:/Users/Ng/rs-system/node_modules/@vitest/runner/dist/index.js:1191:13)\n    at async Promise.all (index 0)"],"location":{"line":64,"column":5},"meta":{}},{"ancestorTitles":["FormManager","表單數據讀取"],"fullName":"FormManager 表單數據讀取 應該正確讀取文本區域的值","status":"failed","title":"應該正確讀取文本區域的值","duration":10.874699999999848,"failureMessages":["AssertionError: expected undefined to be '測試備註' // Object.is equality\n    at C:\\Users\\Ng\\rs-system\\test\\unit\\ui.form-manager.test.js:79:37\n    at file:///C:/Users/Ng/rs-system/node_modules/@vitest/runner/dist/index.js:146:14\n    at file:///C:/Users/Ng/rs-system/node_modules/@vitest/runner/dist/index.js:533:11\n    at runWithTimeout (file:///C:/Users/Ng/rs-system/node_modules/@vitest/runner/dist/index.js:39:7)\n    at runTest (file:///C:/Users/Ng/rs-system/node_modules/@vitest/runner/dist/index.js:1056:17)\n    at async Promise.all (index 5)\n    at runSuite (file:///C:/Users/Ng/rs-system/node_modules/@vitest/runner/dist/index.js:1191:13)\n    at async Promise.all (index 0)\n    at runSuite (file:///C:/Users/Ng/rs-system/node_modules/@vitest/runner/dist/index.js:1191:13)\n    at async Promise.all (index 0)"],"location":{"line":73,"column":5},"meta":{}},{"ancestorTitles":["FormManager","表單數據寫入"],"fullName":"FormManager 表單數據寫入 應該正確設置文本輸入框的值","status":"failed","title":"應該正確設置文本輸入框的值","duration":10.797799999999825,"failureMessages":["AssertionError: expected '' to be '新學員' // Object.is equality\n    at C:\\Users\\Ng\\rs-system\\test\\unit\\ui.form-manager.test.js:90:31\n    at file:///C:/Users/Ng/rs-system/node_modules/@vitest/runner/dist/index.js:146:14\n    at file:///C:/Users/Ng/rs-system/node_modules/@vitest/runner/dist/index.js:533:11\n    at runWithTimeout (file:///C:/Users/Ng/rs-system/node_modules/@vitest/runner/dist/index.js:39:7)\n    at runTest (file:///C:/Users/Ng/rs-system/node_modules/@vitest/runner/dist/index.js:1056:17)\n    at async Promise.all (index 0)\n    at runSuite (file:///C:/Users/Ng/rs-system/node_modules/@vitest/runner/dist/index.js:1191:13)\n    at async Promise.all (index 1)\n    at runSuite (file:///C:/Users/Ng/rs-system/node_modules/@vitest/runner/dist/index.js:1191:13)\n    at async Promise.all (index 0)"],"location":{"line":84,"column":5},"meta":{}},{"ancestorTitles":["FormManager","表單數據寫入"],"fullName":"FormManager 表單數據寫入 應該正確設置單選框的值","status":"failed","title":"應該正確設置單選框的值","duration":10.766099999999824,"failureMessages":["AssertionError: expected false to be true // Object.is equality\n    at C:\\Users\\Ng\\rs-system\\test\\unit\\ui.form-manager.test.js:99:37\n    at file:///C:/Users/Ng/rs-system/node_modules/@vitest/runner/dist/index.js:146:14\n    at file:///C:/Users/Ng/rs-system/node_modules/@vitest/runner/dist/index.js:533:11\n    at runWithTimeout (file:///C:/Users/Ng/rs-system/node_modules/@vitest/runner/dist/index.js:39:7)\n    at runTest (file:///C:/Users/Ng/rs-system/node_modules/@vitest/runner/dist/index.js:1056:17)\n    at async Promise.all (index 1)\n    at runSuite (file:///C:/Users/Ng/rs-system/node_modules/@vitest/runner/dist/index.js:1191:13)\n    at async Promise.all (index 1)\n    at runSuite (file:///C:/Users/Ng/rs-system/node_modules/@vitest/runner/dist/index.js:1191:13)\n    at async Promise.all (index 0)"],"location":{"line":93,"column":5},"meta":{}},{"ancestorTitles":["FormManager","表單數據寫入"],"fullName":"FormManager 表單數據寫入 應該正確設置下拉選擇框的值","status":"failed","title":"應該正確設置下拉選擇框的值","duration":10.744599999999991,"failureMessages":["AssertionError: expected '' to be 'class1' // Object.is equality\n    at C:\\Users\\Ng\\rs-system\\test\\unit\\ui.form-manager.test.js:108:33\n    at file:///C:/Users/Ng/rs-system/node_modules/@vitest/runner/dist/index.js:146:14\n    at file:///C:/Users/Ng/rs-system/node_modules/@vitest/runner/dist/index.js:533:11\n    at runWithTimeout (file:///C:/Users/Ng/rs-system/node_modules/@vitest/runner/dist/index.js:39:7)\n    at runTest (file:///C:/Users/Ng/rs-system/node_modules/@vitest/runner/dist/index.js:1056:17)\n    at async Promise.all (index 2)\n    at runSuite (file:///C:/Users/Ng/rs-system/node_modules/@vitest/runner/dist/index.js:1191:13)\n    at async Promise.all (index 1)\n    at runSuite (file:///C:/Users/Ng/rs-system/node_modules/@vitest/runner/dist/index.js:1191:13)\n    at async Promise.all (index 0)"],"location":{"line":102,"column":5},"meta":{}},{"ancestorTitles":["FormManager","表單數據寫入"],"fullName":"FormManager 表單數據寫入 應該正確設置範圍滑桿的值","status":"passed","title":"應該正確設置範圍滑桿的值","duration":10.695799999999963,"failureMessages":[],"location":{"line":111,"column":5},"meta":{}},{"ancestorTitles":["FormManager","表單驗證"],"fullName":"FormManager 表單驗證 應該驗證必填字段","status":"failed","title":"應該驗證必填字段","duration":8.255100000000311,"failureMessages":["AssertionError: expected [ { field: 'classDate', …(1) } ] to be false // Object.is equality\n    at C:\\Users\\Ng\\rs-system\\test\\unit\\ui.form-manager.test.js:128:23\n    at file:///C:/Users/Ng/rs-system/node_modules/@vitest/runner/dist/index.js:146:14\n    at file:///C:/Users/Ng/rs-system/node_modules/@vitest/runner/dist/index.js:533:11\n    at runWithTimeout (file:///C:/Users/Ng/rs-system/node_modules/@vitest/runner/dist/index.js:39:7)\n    at runTest (file:///C:/Users/Ng/rs-system/node_modules/@vitest/runner/dist/index.js:1056:17)\n    at async Promise.all (index 0)\n    at runSuite (file:///C:/Users/Ng/rs-system/node_modules/@vitest/runner/dist/index.js:1191:13)\n    at async Promise.all (index 2)\n    at runSuite (file:///C:/Users/Ng/rs-system/node_modules/@vitest/runner/dist/index.js:1191:13)\n    at async Promise.all (index 0)"],"location":{"line":122,"column":5},"meta":{}},{"ancestorTitles":["FormManager","表單驗證"],"fullName":"FormManager 表單驗證 應該驗證數字字段","status":"failed","title":"應該驗證數字字段","duration":8.24140000000034,"failureMessages":["AssertionError: expected [ { field: 'classDate', …(1) } ] to be false // Object.is equality\n    at C:\\Users\\Ng\\rs-system\\test\\unit\\ui.form-manager.test.js:140:23\n    at file:///C:/Users/Ng/rs-system/node_modules/@vitest/runner/dist/index.js:146:14\n    at file:///C:/Users/Ng/rs-system/node_modules/@vitest/runner/dist/index.js:533:11\n    at runWithTimeout (file:///C:/Users/Ng/rs-system/node_modules/@vitest/runner/dist/index.js:39:7)\n    at runTest (file:///C:/Users/Ng/rs-system/node_modules/@vitest/runner/dist/index.js:1056:17)\n    at async Promise.all (index 1)\n    at runSuite (file:///C:/Users/Ng/rs-system/node_modules/@vitest/runner/dist/index.js:1191:13)\n    at async Promise.all (index 2)\n    at runSuite (file:///C:/Users/Ng/rs-system/node_modules/@vitest/runner/dist/index.js:1191:13)\n    at async Promise.all (index 0)"],"location":{"line":131,"column":5},"meta":{}},{"ancestorTitles":["FormManager","表單驗證"],"fullName":"FormManager 表單驗證 應該通過有效的表單驗證","status":"failed","title":"應該通過有效的表單驗證","duration":8.234600000000228,"failureMessages":["AssertionError: expected [ { field: 'classDate', …(1) } ] to be true // Object.is equality\n    at C:\\Users\\Ng\\rs-system\\test\\unit\\ui.form-manager.test.js:152:23\n    at file:///C:/Users/Ng/rs-system/node_modules/@vitest/runner/dist/index.js:146:14\n    at file:///C:/Users/Ng/rs-system/node_modules/@vitest/runner/dist/index.js:533:11\n    at runWithTimeout (file:///C:/Users/Ng/rs-system/node_modules/@vitest/runner/dist/index.js:39:7)\n    at runTest (file:///C:/Users/Ng/rs-system/node_modules/@vitest/runner/dist/index.js:1056:17)\n    at async Promise.all (index 2)\n    at runSuite (file:///C:/Users/Ng/rs-system/node_modules/@vitest/runner/dist/index.js:1191:13)\n    at async Promise.all (index 2)\n    at runSuite (file:///C:/Users/Ng/rs-system/node_modules/@vitest/runner/dist/index.js:1191:13)\n    at async Promise.all (index 0)"],"location":{"line":143,"column":5},"meta":{}},{"ancestorTitles":["FormManager","表單重置"],"fullName":"FormManager 表單重置 應該清空所有表單字段","status":"failed","title":"應該清空所有表單字段","duration":8.228900000000067,"failureMessages":["AssertionError: expected '測試學員' to be '' // Object.is equality\n    at C:\\Users\\Ng\\rs-system\\test\\unit\\ui.form-manager.test.js:169:31\n    at file:///C:/Users/Ng/rs-system/node_modules/@vitest/runner/dist/index.js:146:14\n    at file:///C:/Users/Ng/rs-system/node_modules/@vitest/runner/dist/index.js:533:11\n    at runWithTimeout (file:///C:/Users/Ng/rs-system/node_modules/@vitest/runner/dist/index.js:39:7)\n    at runTest (file:///C:/Users/Ng/rs-system/node_modules/@vitest/runner/dist/index.js:1056:17)\n    at async Promise.all (index 0)\n    at runSuite (file:///C:/Users/Ng/rs-system/node_modules/@vitest/runner/dist/index.js:1191:13)\n    at async Promise.all (index 3)\n    at runSuite (file:///C:/Users/Ng/rs-system/node_modules/@vitest/runner/dist/index.js:1191:13)\n    at async Promise.all (index 0)"],"location":{"line":157,"column":5},"meta":{}},{"ancestorTitles":["FormManager","表單重置"],"fullName":"FormManager 表單重置 應該重置單選框選擇","status":"failed","title":"應該重置單選框選擇","duration":8.181500000000142,"failureMessages":["AssertionError: expected true to be false // Object.is equality\n    at C:\\Users\\Ng\\rs-system\\test\\unit\\ui.form-manager.test.js:179:37\n    at file:///C:/Users/Ng/rs-system/node_modules/@vitest/runner/dist/index.js:146:14\n    at file:///C:/Users/Ng/rs-system/node_modules/@vitest/runner/dist/index.js:533:11\n    at runWithTimeout (file:///C:/Users/Ng/rs-system/node_modules/@vitest/runner/dist/index.js:39:7)\n    at runTest (file:///C:/Users/Ng/rs-system/node_modules/@vitest/runner/dist/index.js:1056:17)\n    at async Promise.all (index 1)\n    at runSuite (file:///C:/Users/Ng/rs-system/node_modules/@vitest/runner/dist/index.js:1191:13)\n    at async Promise.all (index 3)\n    at runSuite (file:///C:/Users/Ng/rs-system/node_modules/@vitest/runner/dist/index.js:1191:13)\n    at async Promise.all (index 0)"],"location":{"line":173,"column":5},"meta":{}},{"ancestorTitles":["FormManager","表單重置"],"fullName":"FormManager 表單重置 應該重置下拉選擇框","status":"failed","title":"應該重置下拉選擇框","duration":9.951399999999921,"failureMessages":["AssertionError: expected 'class1' to be '' // Object.is equality\n    at C:\\Users\\Ng\\rs-system\\test\\unit\\ui.form-manager.test.js:188:33\n    at file:///C:/Users/Ng/rs-system/node_modules/@vitest/runner/dist/index.js:146:14\n    at file:///C:/Users/Ng/rs-system/node_modules/@vitest/runner/dist/index.js:533:11\n    at runWithTimeout (file:///C:/Users/Ng/rs-system/node_modules/@vitest/runner/dist/index.js:39:7)\n    at runTest (file:///C:/Users/Ng/rs-system/node_modules/@vitest/runner/dist/index.js:1056:17)\n    at async Promise.all (index 2)\n    at runSuite (file:///C:/Users/Ng/rs-system/node_modules/@vitest/runner/dist/index.js:1191:13)\n    at async Promise.all (index 3)\n    at runSuite (file:///C:/Users/Ng/rs-system/node_modules/@vitest/runner/dist/index.js:1191:13)\n    at async Promise.all (index 0)"],"location":{"line":182,"column":5},"meta":{}},{"ancestorTitles":["FormManager","範圍滑桿處理"],"fullName":"FormManager 範圍滑桿處理 應該正確獲取所有範圍滑桿的值","status":"failed","title":"應該正確獲取所有範圍滑桿的值","duration":9.927999999999884,"failureMessages":["TypeError: __vite_ssr_import_1__.FormManager.getRangeValues is not a function\n    at C:\\Users\\Ng\\rs-system\\test\\unit\\ui.form-manager.test.js:200:39\n    at file:///C:/Users/Ng/rs-system/node_modules/@vitest/runner/dist/index.js:146:14\n    at file:///C:/Users/Ng/rs-system/node_modules/@vitest/runner/dist/index.js:533:11\n    at runWithTimeout (file:///C:/Users/Ng/rs-system/node_modules/@vitest/runner/dist/index.js:39:7)\n    at runTest (file:///C:/Users/Ng/rs-system/node_modules/@vitest/runner/dist/index.js:1056:17)\n    at async Promise.all (index 0)\n    at runSuite (file:///C:/Users/Ng/rs-system/node_modules/@vitest/runner/dist/index.js:1191:13)\n    at async Promise.all (index 4)\n    at runSuite (file:///C:/Users/Ng/rs-system/node_modules/@vitest/runner/dist/index.js:1191:13)\n    at async Promise.all (index 0)"],"location":{"line":193,"column":5},"meta":{}},{"ancestorTitles":["FormManager","範圍滑桿處理"],"fullName":"FormManager 範圍滑桿處理 應該正確設置範圍滑桿的值","status":"failed","title":"應該正確設置範圍滑桿的值","duration":9.918999999999869,"failureMessages":["TypeError: __vite_ssr_import_1__.FormManager.setRangeValues is not a function\n    at C:\\Users\\Ng\\rs-system\\test\\unit\\ui.form-manager.test.js:209:19\n    at file:///C:/Users/Ng/rs-system/node_modules/@vitest/runner/dist/index.js:146:14\n    at file:///C:/Users/Ng/rs-system/node_modules/@vitest/runner/dist/index.js:533:11\n    at runWithTimeout (file:///C:/Users/Ng/rs-system/node_modules/@vitest/runner/dist/index.js:39:7)\n    at runTest (file:///C:/Users/Ng/rs-system/node_modules/@vitest/runner/dist/index.js:1056:17)\n    at async Promise.all (index 1)\n    at runSuite (file:///C:/Users/Ng/rs-system/node_modules/@vitest/runner/dist/index.js:1191:13)\n    at async Promise.all (index 4)\n    at runSuite (file:///C:/Users/Ng/rs-system/node_modules/@vitest/runner/dist/index.js:1191:13)\n    at async Promise.all (index 0)"],"location":{"line":206,"column":5},"meta":{}},{"ancestorTitles":["FormManager","錯誤處理"],"fullName":"FormManager 錯誤處理 應該處理不存在的表單","status":"passed","title":"應該處理不存在的表單","duration":9.910699999999906,"failureMessages":[],"location":{"line":220,"column":5},"meta":{}},{"ancestorTitles":["FormManager","錯誤處理"],"fullName":"FormManager 錯誤處理 應該處理不存在的字段","status":"passed","title":"應該處理不存在的字段","duration":9.820000000000164,"failureMessages":[],"location":{"line":226,"column":5},"meta":{}},{"ancestorTitles":["FormManager","錯誤處理"],"fullName":"FormManager 錯誤處理 應該處理 null 數據","status":"passed","title":"應該處理 null 數據","duration":6.704299999999876,"failureMessages":[],"location":{"line":234,"column":5},"meta":{}},{"ancestorTitles":["FormManager","錯誤處理"],"fullName":"FormManager 錯誤處理 應該處理 undefined 數據","status":"passed","title":"應該處理 undefined 數據","duration":6.68080000000009,"failureMessages":[],"location":{"line":240,"column":5},"meta":{}},{"ancestorTitles":["FormManager","表單狀態管理"],"fullName":"FormManager 表單狀態管理 應該設置表單為編輯模式","status":"failed","title":"應該設置表單為編輯模式","duration":6.663700000000063,"failureMessages":["AssertionError: expected undefined to be 'edit' // Object.is equality\n    at C:\\Users\\Ng\\rs-system\\test\\unit\\ui.form-manager.test.js:252:33\n    at file:///C:/Users/Ng/rs-system/node_modules/@vitest/runner/dist/index.js:146:14\n    at file:///C:/Users/Ng/rs-system/node_modules/@vitest/runner/dist/index.js:533:11\n    at runWithTimeout (file:///C:/Users/Ng/rs-system/node_modules/@vitest/runner/dist/index.js:39:7)\n    at runTest (file:///C:/Users/Ng/rs-system/node_modules/@vitest/runner/dist/index.js:1056:17)\n    at async Promise.all (index 0)\n    at runSuite (file:///C:/Users/Ng/rs-system/node_modules/@vitest/runner/dist/index.js:1191:13)\n    at async Promise.all (index 6)\n    at runSuite (file:///C:/Users/Ng/rs-system/node_modules/@vitest/runner/dist/index.js:1191:13)\n    at async Promise.all (index 0)"],"location":{"line":248,"column":5},"meta":{}},{"ancestorTitles":["FormManager","表單狀態管理"],"fullName":"FormManager 表單狀態管理 應該設置表單為新增模式","status":"failed","title":"應該設置表單為新增模式","duration":6.617700000000241,"failureMessages":["AssertionError: expected undefined to be 'add' // Object.is equality\n    at C:\\Users\\Ng\\rs-system\\test\\unit\\ui.form-manager.test.js:259:33\n    at file:///C:/Users/Ng/rs-system/node_modules/@vitest/runner/dist/index.js:146:14\n    at file:///C:/Users/Ng/rs-system/node_modules/@vitest/runner/dist/index.js:533:11\n    at runWithTimeout (file:///C:/Users/Ng/rs-system/node_modules/@vitest/runner/dist/index.js:39:7)\n    at runTest (file:///C:/Users/Ng/rs-system/node_modules/@vitest/runner/dist/index.js:1056:17)\n    at async Promise.all (index 1)\n    at runSuite (file:///C:/Users/Ng/rs-system/node_modules/@vitest/runner/dist/index.js:1191:13)\n    at async Promise.all (index 6)\n    at runSuite (file:///C:/Users/Ng/rs-system/node_modules/@vitest/runner/dist/index.js:1191:13)\n    at async Promise.all (index 0)"],"location":{"line":255,"column":5},"meta":{}},{"ancestorTitles":["FormManager","表單狀態管理"],"fullName":"FormManager 表單狀態管理 應該獲取表單模式","status":"failed","title":"應該獲取表單模式","duration":6.599999999999909,"failureMessages":["AssertionError: expected 'studentForm' to be 'edit' // Object.is equality\n    at C:\\Users\\Ng\\rs-system\\test\\unit\\ui.form-manager.test.js:268:20\n    at file:///C:/Users/Ng/rs-system/node_modules/@vitest/runner/dist/index.js:146:14\n    at file:///C:/Users/Ng/rs-system/node_modules/@vitest/runner/dist/index.js:533:11\n    at runWithTimeout (file:///C:/Users/Ng/rs-system/node_modules/@vitest/runner/dist/index.js:39:7)\n    at runTest (file:///C:/Users/Ng/rs-system/node_modules/@vitest/runner/dist/index.js:1056:17)\n    at async Promise.all (index 2)\n    at runSuite (file:///C:/Users/Ng/rs-system/node_modules/@vitest/runner/dist/index.js:1191:13)\n    at async Promise.all (index 6)\n    at runSuite (file:///C:/Users/Ng/rs-system/node_modules/@vitest/runner/dist/index.js:1191:13)\n    at async Promise.all (index 0)"],"location":{"line":262,"column":5},"meta":{}}],"startTime":1773899799883,"endTime":1773899799948.7043,"status":"failed","message":"","name":"C:/Users/Ng/rs-system/test/unit/ui.form-manager.test.js"},{"assertionResults":[{"ancestorTitles":["ListRenderer","列表渲染"],"fullName":"ListRenderer 列表渲染 應該正確渲染列表項目","status":"failed","title":"應該正確渲染列表項目","duration":15.325200000000223,"failureMessages":["TypeError: __vite_ssr_import_1__.ListRenderer.renderList is not a function\n    at C:\\Users\\Ng\\rs-system\\test\\unit\\ui.list-renderer.test.js:39:20\n    at file:///C:/Users/Ng/rs-system/node_modules/@vitest/runner/dist/index.js:146:14\n    at file:///C:/Users/Ng/rs-system/node_modules/@vitest/runner/dist/index.js:533:11\n    at runWithTimeout (file:///C:/Users/Ng/rs-system/node_modules/@vitest/runner/dist/index.js:39:7)\n    at runTest (file:///C:/Users/Ng/rs-system/node_modules/@vitest/runner/dist/index.js:1056:17)\n    at async Promise.all (index 0)\n    at runSuite (file:///C:/Users/Ng/rs-system/node_modules/@vitest/runner/dist/index.js:1191:13)\n    at async Promise.all (index 0)\n    at runSuite (file:///C:/Users/Ng/rs-system/node_modules/@vitest/runner/dist/index.js:1191:13)\n    at async Promise.all (index 0)"],"location":{"line":33,"column":5},"meta":{}},{"ancestorTitles":["ListRenderer","列表渲染"],"fullName":"ListRenderer 列表渲染 應該處理空數據","status":"failed","title":"應該處理空數據","duration":15.277900000000045,"failureMessages":["TypeError: __vite_ssr_import_1__.ListRenderer.renderList is not a function\n    at C:\\Users\\Ng\\rs-system\\test\\unit\\ui.list-renderer.test.js:55:20\n    at file:///C:/Users/Ng/rs-system/node_modules/@vitest/runner/dist/index.js:146:14\n    at file:///C:/Users/Ng/rs-system/node_modules/@vitest/runner/dist/index.js:533:11\n    at runWithTimeout (file:///C:/Users/Ng/rs-system/node_modules/@vitest/runner/dist/index.js:39:7)\n    at runTest (file:///C:/Users/Ng/rs-system/node_modules/@vitest/runner/dist/index.js:1056:17)\n    at async Promise.all (index 1)\n    at runSuite (file:///C:/Users/Ng/rs-system/node_modules/@vitest/runner/dist/index.js:1191:13)\n    at async Promise.all (index 0)\n    at runSuite (file:///C:/Users/Ng/rs-system/node_modules/@vitest/runner/dist/index.js:1191:13)\n    at async Promise.all (index 0)"],"location":{"line":54,"column":5},"meta":{}},{"ancestorTitles":["ListRenderer","列表渲染"],"fullName":"ListRenderer 列表渲染 應該處理 null 數據","status":"failed","title":"應該處理 null 數據","duration":15.260400000000118,"failureMessages":["TypeError: __vite_ssr_import_1__.ListRenderer.renderList is not a function\n    at C:\\Users\\Ng\\rs-system\\test\\unit\\ui.list-renderer.test.js:67:20\n    at file:///C:/Users/Ng/rs-system/node_modules/@vitest/runner/dist/index.js:146:14\n    at file:///C:/Users/Ng/rs-system/node_modules/@vitest/runner/dist/index.js:533:11\n    at runWithTimeout (file:///C:/Users/Ng/rs-system/node_modules/@vitest/runner/dist/index.js:39:7)\n    at runTest (file:///C:/Users/Ng/rs-system/node_modules/@vitest/runner/dist/index.js:1056:17)\n    at async Promise.all (index 2)\n    at runSuite (file:///C:/Users/Ng/rs-system/node_modules/@vitest/runner/dist/index.js:1191:13)\n    at async Promise.all (index 0)\n    at runSuite (file:///C:/Users/Ng/rs-system/node_modules/@vitest/runner/dist/index.js:1191:13)\n    at async Promise.all (index 0)"],"location":{"line":66,"column":5},"meta":{}},{"ancestorTitles":["ListRenderer","搜索功能"],"fullName":"ListRenderer 搜索功能 應該正確過濾列表項目","status":"failed","title":"應該正確過濾列表項目","duration":15.250900000000001,"failureMessages":["TypeError: __vite_ssr_import_1__.ListRenderer.renderList is not a function\n    at C:\\Users\\Ng\\rs-system\\test\\unit\\ui.list-renderer.test.js:84:20\n    at file:///C:/Users/Ng/rs-system/node_modules/@vitest/runner/dist/index.js:146:14\n    at file:///C:/Users/Ng/rs-system/node_modules/@vitest/runner/dist/index.js:533:11\n    at runWithTimeout (file:///C:/Users/Ng/rs-system/node_modules/@vitest/runner/dist/index.js:39:7)\n    at runTest (file:///C:/Users/Ng/rs-system/node_modules/@vitest/runner/dist/index.js:1056:17)\n    at async Promise.all (index 0)\n    at runSuite (file:///C:/Users/Ng/rs-system/node_modules/@vitest/runner/dist/index.js:1191:13)\n    at async Promise.all (index 1)\n    at runSuite (file:///C:/Users/Ng/rs-system/node_modules/@vitest/runner/dist/index.js:1191:13)\n    at async Promise.all (index 0)"],"location":{"line":77,"column":5},"meta":{}},{"ancestorTitles":["ListRenderer","搜索功能"],"fullName":"ListRenderer 搜索功能 應該支持模糊搜索","status":"failed","title":"應該支持模糊搜索","duration":15.24389999999994,"failureMessages":["TypeError: __vite_ssr_import_1__.ListRenderer.renderList is not a function\n    at C:\\Users\\Ng\\rs-system\\test\\unit\\ui.list-renderer.test.js:111:20\n    at file:///C:/Users/Ng/rs-system/node_modules/@vitest/runner/dist/index.js:146:14\n    at file:///C:/Users/Ng/rs-system/node_modules/@vitest/runner/dist/index.js:533:11\n    at runWithTimeout (file:///C:/Users/Ng/rs-system/node_modules/@vitest/runner/dist/index.js:39:7)\n    at runTest (file:///C:/Users/Ng/rs-system/node_modules/@vitest/runner/dist/index.js:1056:17)\n    at async Promise.all (index 1)\n    at runSuite (file:///C:/Users/Ng/rs-system/node_modules/@vitest/runner/dist/index.js:1191:13)\n    at async Promise.all (index 1)\n    at runSuite (file:///C:/Users/Ng/rs-system/node_modules/@vitest/runner/dist/index.js:1191:13)\n    at async Promise.all (index 0)"],"location":{"line":104,"column":5},"meta":{}},{"ancestorTitles":["ListRenderer","排序功能"],"fullName":"ListRenderer 排序功能 應該支持按名稱排序","status":"failed","title":"應該支持按名稱排序","duration":5.55619999999999,"failureMessages":["TypeError: __vite_ssr_import_1__.ListRenderer.renderList is not a function\n    at C:\\Users\\Ng\\rs-system\\test\\unit\\ui.list-renderer.test.js:139:20\n    at file:///C:/Users/Ng/rs-system/node_modules/@vitest/runner/dist/index.js:146:14\n    at file:///C:/Users/Ng/rs-system/node_modules/@vitest/runner/dist/index.js:533:11\n    at runWithTimeout (file:///C:/Users/Ng/rs-system/node_modules/@vitest/runner/dist/index.js:39:7)\n    at runTest (file:///C:/Users/Ng/rs-system/node_modules/@vitest/runner/dist/index.js:1056:17)\n    at async Promise.all (index 0)\n    at runSuite (file:///C:/Users/Ng/rs-system/node_modules/@vitest/runner/dist/index.js:1191:13)\n    at async Promise.all (index 2)\n    at runSuite (file:///C:/Users/Ng/rs-system/node_modules/@vitest/runner/dist/index.js:1191:13)\n    at async Promise.all (index 0)"],"location":{"line":132,"column":5},"meta":{}},{"ancestorTitles":["ListRenderer","排序功能"],"fullName":"ListRenderer 排序功能 應該支持降序排序","status":"failed","title":"應該支持降序排序","duration":5.522000000000389,"failureMessages":["TypeError: __vite_ssr_import_1__.ListRenderer.renderList is not a function\n    at C:\\Users\\Ng\\rs-system\\test\\unit\\ui.list-renderer.test.js:162:20\n    at file:///C:/Users/Ng/rs-system/node_modules/@vitest/runner/dist/index.js:146:14\n    at file:///C:/Users/Ng/rs-system/node_modules/@vitest/runner/dist/index.js:533:11\n    at runWithTimeout (file:///C:/Users/Ng/rs-system/node_modules/@vitest/runner/dist/index.js:39:7)\n    at runTest (file:///C:/Users/Ng/rs-system/node_modules/@vitest/runner/dist/index.js:1056:17)\n    at async Promise.all (index 1)\n    at runSuite (file:///C:/Users/Ng/rs-system/node_modules/@vitest/runner/dist/index.js:1191:13)\n    at async Promise.all (index 2)\n    at runSuite (file:///C:/Users/Ng/rs-system/node_modules/@vitest/runner/dist/index.js:1191:13)\n    at async Promise.all (index 0)"],"location":{"line":155,"column":5},"meta":{}},{"ancestorTitles":["ListRenderer","分頁功能"],"fullName":"ListRenderer 分頁功能 應該支持分頁顯示","status":"failed","title":"應該支持分頁顯示","duration":5.516399999999976,"failureMessages":["TypeError: __vite_ssr_import_1__.ListRenderer.renderList is not a function\n    at C:\\Users\\Ng\\rs-system\\test\\unit\\ui.list-renderer.test.js:188:20\n    at file:///C:/Users/Ng/rs-system/node_modules/@vitest/runner/dist/index.js:146:14\n    at file:///C:/Users/Ng/rs-system/node_modules/@vitest/runner/dist/index.js:533:11\n    at runWithTimeout (file:///C:/Users/Ng/rs-system/node_modules/@vitest/runner/dist/index.js:39:7)\n    at runTest (file:///C:/Users/Ng/rs-system/node_modules/@vitest/runner/dist/index.js:1056:17)\n    at async Promise.all (index 0)\n    at runSuite (file:///C:/Users/Ng/rs-system/node_modules/@vitest/runner/dist/index.js:1191:13)\n    at async Promise.all (index 3)\n    at runSuite (file:///C:/Users/Ng/rs-system/node_modules/@vitest/runner/dist/index.js:1191:13)\n    at async Promise.all (index 0)"],"location":{"line":182,"column":5},"meta":{}},{"ancestorTitles":["ListRenderer","分頁功能"],"fullName":"ListRenderer 分頁功能 應該正確切換頁面","status":"failed","title":"應該正確切換頁面","duration":5.505099999999857,"failureMessages":["TypeError: __vite_ssr_import_1__.ListRenderer.renderList is not a function\n    at C:\\Users\\Ng\\rs-system\\test\\unit\\ui.list-renderer.test.js:211:20\n    at file:///C:/Users/Ng/rs-system/node_modules/@vitest/runner/dist/index.js:146:14\n    at file:///C:/Users/Ng/rs-system/node_modules/@vitest/runner/dist/index.js:533:11\n    at runWithTimeout (file:///C:/Users/Ng/rs-system/node_modules/@vitest/runner/dist/index.js:39:7)\n    at runTest (file:///C:/Users/Ng/rs-system/node_modules/@vitest/runner/dist/index.js:1056:17)\n    at async Promise.all (index 1)\n    at runSuite (file:///C:/Users/Ng/rs-system/node_modules/@vitest/runner/dist/index.js:1191:13)\n    at async Promise.all (index 3)\n    at runSuite (file:///C:/Users/Ng/rs-system/node_modules/@vitest/runner/dist/index.js:1191:13)\n    at async Promise.all (index 0)"],"location":{"line":205,"column":5},"meta":{}},{"ancestorTitles":["ListRenderer","選擇功能"],"fullName":"ListRenderer 選擇功能 應該支持單選模式","status":"failed","title":"應該支持單選模式","duration":5.498999999999796,"failureMessages":["TypeError: __vite_ssr_import_1__.ListRenderer.renderList is not a function\n    at C:\\Users\\Ng\\rs-system\\test\\unit\\ui.list-renderer.test.js:238:20\n    at file:///C:/Users/Ng/rs-system/node_modules/@vitest/runner/dist/index.js:146:14\n    at file:///C:/Users/Ng/rs-system/node_modules/@vitest/runner/dist/index.js:533:11\n    at runWithTimeout (file:///C:/Users/Ng/rs-system/node_modules/@vitest/runner/dist/index.js:39:7)\n    at runTest (file:///C:/Users/Ng/rs-system/node_modules/@vitest/runner/dist/index.js:1056:17)\n    at async Promise.all (index 0)\n    at runSuite (file:///C:/Users/Ng/rs-system/node_modules/@vitest/runner/dist/index.js:1191:13)\n    at async Promise.all (index 4)\n    at runSuite (file:///C:/Users/Ng/rs-system/node_modules/@vitest/runner/dist/index.js:1191:13)\n    at async Promise.all (index 0)"],"location":{"line":231,"column":5},"meta":{}},{"ancestorTitles":["ListRenderer","選擇功能"],"fullName":"ListRenderer 選擇功能 應該支持多選模式","status":"failed","title":"應該支持多選模式","duration":3.901100000000042,"failureMessages":["TypeError: __vite_ssr_import_1__.ListRenderer.renderList is not a function\n    at C:\\Users\\Ng\\rs-system\\test\\unit\\ui.list-renderer.test.js:267:20\n    at file:///C:/Users/Ng/rs-system/node_modules/@vitest/runner/dist/index.js:146:14\n    at file:///C:/Users/Ng/rs-system/node_modules/@vitest/runner/dist/index.js:533:11\n    at runWithTimeout (file:///C:/Users/Ng/rs-system/node_modules/@vitest/runner/dist/index.js:39:7)\n    at runTest (file:///C:/Users/Ng/rs-system/node_modules/@vitest/runner/dist/index.js:1056:17)\n    at async Promise.all (index 1)\n    at runSuite (file:///C:/Users/Ng/rs-system/node_modules/@vitest/runner/dist/index.js:1191:13)\n    at async Promise.all (index 4)\n    at runSuite (file:///C:/Users/Ng/rs-system/node_modules/@vitest/runner/dist/index.js:1191:13)\n    at async Promise.all (index 0)"],"location":{"line":260,"column":5},"meta":{}},{"ancestorTitles":["ListRenderer","選擇功能"],"fullName":"ListRenderer 選擇功能 應該正確獲取選中的項目","status":"failed","title":"應該正確獲取選中的項目","duration":3.879699999999957,"failureMessages":["TypeError: __vite_ssr_import_1__.ListRenderer.renderList is not a function\n    at C:\\Users\\Ng\\rs-system\\test\\unit\\ui.list-renderer.test.js:293:20\n    at file:///C:/Users/Ng/rs-system/node_modules/@vitest/runner/dist/index.js:146:14\n    at file:///C:/Users/Ng/rs-system/node_modules/@vitest/runner/dist/index.js:533:11\n    at runWithTimeout (file:///C:/Users/Ng/rs-system/node_modules/@vitest/runner/dist/index.js:39:7)\n    at runTest (file:///C:/Users/Ng/rs-system/node_modules/@vitest/runner/dist/index.js:1056:17)\n    at async Promise.all (index 2)\n    at runSuite (file:///C:/Users/Ng/rs-system/node_modules/@vitest/runner/dist/index.js:1191:13)\n    at async Promise.all (index 4)\n    at runSuite (file:///C:/Users/Ng/rs-system/node_modules/@vitest/runner/dist/index.js:1191:13)\n    at async Promise.all (index 0)"],"location":{"line":287,"column":5},"meta":{}},{"ancestorTitles":["ListRenderer","動態更新"],"fullName":"ListRenderer 動態更新 應該支持添加新項目","status":"failed","title":"應該支持添加新項目","duration":3.871900000000096,"failureMessages":["TypeError: __vite_ssr_import_1__.ListRenderer.renderList is not a function\n    at C:\\Users\\Ng\\rs-system\\test\\unit\\ui.list-renderer.test.js:317:20\n    at file:///C:/Users/Ng/rs-system/node_modules/@vitest/runner/dist/index.js:146:14\n    at file:///C:/Users/Ng/rs-system/node_modules/@vitest/runner/dist/index.js:533:11\n    at runWithTimeout (file:///C:/Users/Ng/rs-system/node_modules/@vitest/runner/dist/index.js:39:7)\n    at runTest (file:///C:/Users/Ng/rs-system/node_modules/@vitest/runner/dist/index.js:1056:17)\n    at async Promise.all (index 0)\n    at runSuite (file:///C:/Users/Ng/rs-system/node_modules/@vitest/runner/dist/index.js:1191:13)\n    at async Promise.all (index 5)\n    at runSuite (file:///C:/Users/Ng/rs-system/node_modules/@vitest/runner/dist/index.js:1191:13)\n    at async Promise.all (index 0)"],"location":{"line":312,"column":5},"meta":{}},{"ancestorTitles":["ListRenderer","動態更新"],"fullName":"ListRenderer 動態更新 應該支持刪除項目","status":"failed","title":"應該支持刪除項目","duration":3.8666000000002896,"failureMessages":["TypeError: __vite_ssr_import_1__.ListRenderer.renderList is not a function\n    at C:\\Users\\Ng\\rs-system\\test\\unit\\ui.list-renderer.test.js:337:20\n    at file:///C:/Users/Ng/rs-system/node_modules/@vitest/runner/dist/index.js:146:14\n    at file:///C:/Users/Ng/rs-system/node_modules/@vitest/runner/dist/index.js:533:11\n    at runWithTimeout (file:///C:/Users/Ng/rs-system/node_modules/@vitest/runner/dist/index.js:39:7)\n    at runTest (file:///C:/Users/Ng/rs-system/node_modules/@vitest/runner/dist/index.js:1056:17)\n    at async Promise.all (index 1)\n    at runSuite (file:///C:/Users/Ng/rs-system/node_modules/@vitest/runner/dist/index.js:1191:13)\n    at async Promise.all (index 5)\n    at runSuite (file:///C:/Users/Ng/rs-system/node_modules/@vitest/runner/dist/index.js:1191:13)\n    at async Promise.all (index 0)"],"location":{"line":331,"column":5},"meta":{}},{"ancestorTitles":["ListRenderer","動態更新"],"fullName":"ListRenderer 動態更新 應該支持更新項目","status":"failed","title":"應該支持更新項目","duration":3.8618000000001302,"failureMessages":["TypeError: __vite_ssr_import_1__.ListRenderer.renderList is not a function\n    at C:\\Users\\Ng\\rs-system\\test\\unit\\ui.list-renderer.test.js:358:20\n    at file:///C:/Users/Ng/rs-system/node_modules/@vitest/runner/dist/index.js:146:14\n    at file:///C:/Users/Ng/rs-system/node_modules/@vitest/runner/dist/index.js:533:11\n    at runWithTimeout (file:///C:/Users/Ng/rs-system/node_modules/@vitest/runner/dist/index.js:39:7)\n    at runTest (file:///C:/Users/Ng/rs-system/node_modules/@vitest/runner/dist/index.js:1056:17)\n    at async Promise.all (index 2)\n    at runSuite (file:///C:/Users/Ng/rs-system/node_modules/@vitest/runner/dist/index.js:1191:13)\n    at async Promise.all (index 5)\n    at runSuite (file:///C:/Users/Ng/rs-system/node_modules/@vitest/runner/dist/index.js:1191:13)\n    at async Promise.all (index 0)"],"location":{"line":352,"column":5},"meta":{}},{"ancestorTitles":["ListRenderer","錯誤處理"],"fullName":"ListRenderer 錯誤處理 應該處理不存在的列表容器","status":"failed","title":"應該處理不存在的列表容器","duration":9.91989999999987,"failureMessages":["AssertionError: expected [Function] to not throw an error but 'TypeError: __vite_ssr_import_1__.List…' was thrown\n    at Proxy.<anonymous> (file:///C:/Users/Ng/rs-system/node_modules/@vitest/expect/dist/index.js:1509:21)\n    at Proxy.<anonymous> (file:///C:/Users/Ng/rs-system/node_modules/@vitest/expect/dist/index.js:972:17)\n    at Proxy.methodWrapper (file:///C:/Users/Ng/rs-system/node_modules/chai/index.js:1686:25)\n    at C:\\Users\\Ng\\rs-system\\test\\unit\\ui.list-renderer.test.js:379:14\n    at file:///C:/Users/Ng/rs-system/node_modules/@vitest/runner/dist/index.js:146:14\n    at file:///C:/Users/Ng/rs-system/node_modules/@vitest/runner/dist/index.js:533:11\n    at runWithTimeout (file:///C:/Users/Ng/rs-system/node_modules/@vitest/runner/dist/index.js:39:7)\n    at runTest (file:///C:/Users/Ng/rs-system/node_modules/@vitest/runner/dist/index.js:1056:17)\n    at async Promise.all (index 0)\n    at runSuite (file:///C:/Users/Ng/rs-system/node_modules/@vitest/runner/dist/index.js:1191:13)"],"location":{"line":374,"column":5},"meta":{}},{"ancestorTitles":["ListRenderer","錯誤處理"],"fullName":"ListRenderer 錯誤處理 應該處理無效的模板函數","status":"failed","title":"應該處理無效的模板函數","duration":9.895199999999932,"failureMessages":["AssertionError: expected [Function] to not throw an error but 'TypeError: __vite_ssr_import_1__.List…' was thrown\n    at Proxy.<anonymous> (file:///C:/Users/Ng/rs-system/node_modules/@vitest/expect/dist/index.js:1509:21)\n    at Proxy.<anonymous> (file:///C:/Users/Ng/rs-system/node_modules/@vitest/expect/dist/index.js:972:17)\n    at Proxy.methodWrapper (file:///C:/Users/Ng/rs-system/node_modules/chai/index.js:1686:25)\n    at C:\\Users\\Ng\\rs-system\\test\\unit\\ui.list-renderer.test.js:389:14\n    at file:///C:/Users/Ng/rs-system/node_modules/@vitest/runner/dist/index.js:146:14\n    at file:///C:/Users/Ng/rs-system/node_modules/@vitest/runner/dist/index.js:533:11\n    at runWithTimeout (file:///C:/Users/Ng/rs-system/node_modules/@vitest/runner/dist/index.js:39:7)\n    at runTest (file:///C:/Users/Ng/rs-system/node_modules/@vitest/runner/dist/index.js:1056:17)\n    at async Promise.all (index 1)\n    at runSuite (file:///C:/Users/Ng/rs-system/node_modules/@vitest/runner/dist/index.js:1191:13)"],"location":{"line":382,"column":5},"meta":{}},{"ancestorTitles":["ListRenderer","錯誤處理"],"fullName":"ListRenderer 錯誤處理 應該處理模板函數中的錯誤","status":"failed","title":"應該處理模板函數中的錯誤","duration":9.888899999999921,"failureMessages":["AssertionError: expected [Function] to not throw an error but 'TypeError: __vite_ssr_import_1__.List…' was thrown\n    at Proxy.<anonymous> (file:///C:/Users/Ng/rs-system/node_modules/@vitest/expect/dist/index.js:1509:21)\n    at Proxy.<anonymous> (file:///C:/Users/Ng/rs-system/node_modules/@vitest/expect/dist/index.js:972:17)\n    at Proxy.methodWrapper (file:///C:/Users/Ng/rs-system/node_modules/chai/index.js:1686:25)\n    at C:\\Users\\Ng\\rs-system\\test\\unit\\ui.list-renderer.test.js:401:14\n    at file:///C:/Users/Ng/rs-system/node_modules/@vitest/runner/dist/index.js:146:14\n    at file:///C:/Users/Ng/rs-system/node_modules/@vitest/runner/dist/index.js:533:11\n    at runWithTimeout (file:///C:/Users/Ng/rs-system/node_modules/@vitest/runner/dist/index.js:39:7)\n    at runTest (file:///C:/Users/Ng/rs-system/node_modules/@vitest/runner/dist/index.js:1056:17)\n    at async Promise.all (index 2)\n    at runSuite (file:///C:/Users/Ng/rs-system/node_modules/@vitest/runner/dist/index.js:1191:13)"],"location":{"line":392,"column":5},"meta":{}},{"ancestorTitles":["ListRenderer","性能優化"],"fullName":"ListRenderer 性能優化 應該支持虛擬滾動","status":"failed","title":"應該支持虛擬滾動","duration":9.883299999999963,"failureMessages":["TypeError: __vite_ssr_import_1__.ListRenderer.renderList is not a function\n    at C:\\Users\\Ng\\rs-system\\test\\unit\\ui.list-renderer.test.js:412:20\n    at file:///C:/Users/Ng/rs-system/node_modules/@vitest/runner/dist/index.js:146:14\n    at file:///C:/Users/Ng/rs-system/node_modules/@vitest/runner/dist/index.js:533:11\n    at runWithTimeout (file:///C:/Users/Ng/rs-system/node_modules/@vitest/runner/dist/index.js:39:7)\n    at runTest (file:///C:/Users/Ng/rs-system/node_modules/@vitest/runner/dist/index.js:1056:17)\n    at async Promise.all (index 0)\n    at runSuite (file:///C:/Users/Ng/rs-system/node_modules/@vitest/runner/dist/index.js:1191:13)\n    at async Promise.all (index 7)\n    at runSuite (file:///C:/Users/Ng/rs-system/node_modules/@vitest/runner/dist/index.js:1191:13)\n    at async Promise.all (index 0)"],"location":{"line":406,"column":5},"meta":{}},{"ancestorTitles":["ListRenderer","性能優化"],"fullName":"ListRenderer 性能優化 應該支持延遲渲染","status":"failed","title":"應該支持延遲渲染","duration":9.843599999999697,"failureMessages":["TypeError: __vite_ssr_import_1__.ListRenderer.renderList is not a function\n    at C:\\Users\\Ng\\rs-system\\test\\unit\\ui.list-renderer.test.js:435:20\n    at file:///C:/Users/Ng/rs-system/node_modules/@vitest/runner/dist/index.js:146:14\n    at file:///C:/Users/Ng/rs-system/node_modules/@vitest/runner/dist/index.js:533:11\n    at runWithTimeout (file:///C:/Users/Ng/rs-system/node_modules/@vitest/runner/dist/index.js:39:7)\n    at runTest (file:///C:/Users/Ng/rs-system/node_modules/@vitest/runner/dist/index.js:1056:17)\n    at async Promise.all (index 1)\n    at runSuite (file:///C:/Users/Ng/rs-system/node_modules/@vitest/runner/dist/index.js:1191:13)\n    at async Promise.all (index 7)\n    at runSuite (file:///C:/Users/Ng/rs-system/node_modules/@vitest/runner/dist/index.js:1191:13)\n    at async Promise.all (index 0)"],"location":{"line":427,"column":5},"meta":{}}],"startTime":1773899799886,"endTime":1773899799920.92,"status":"failed","message":"","name":"C:/Users/Ng/rs-system/test/unit/ui.list-renderer.test.js"},{"assertionResults":[{"ancestorTitles":["ModalManager","模態窗口開啟/關閉"],"fullName":"ModalManager 模態窗口開啟/關閉 應該正確打開模態窗口","status":"failed","title":"應該正確打開模態窗口","duration":23.54359999999997,"failureMessages":["AssertionError: expected 'none' to be 'block' // Object.is equality\n    at C:\\Users\\Ng\\rs-system\\test\\unit\\ui.modal-manager.test.js:37:35\n    at file:///C:/Users/Ng/rs-system/node_modules/@vitest/runner/dist/index.js:146:14\n    at file:///C:/Users/Ng/rs-system/node_modules/@vitest/runner/dist/index.js:533:11\n    at runWithTimeout (file:///C:/Users/Ng/rs-system/node_modules/@vitest/runner/dist/index.js:39:7)\n    at runTest (file:///C:/Users/Ng/rs-system/node_modules/@vitest/runner/dist/index.js:1056:17)\n    at async Promise.all (index 0)\n    at runSuite (file:///C:/Users/Ng/rs-system/node_modules/@vitest/runner/dist/index.js:1191:13)\n    at async Promise.all (index 0)\n    at runSuite (file:///C:/Users/Ng/rs-system/node_modules/@vitest/runner/dist/index.js:1191:13)\n    at async Promise.all (index 0)"],"location":{"line":33,"column":5},"meta":{}},{"ancestorTitles":["ModalManager","模態窗口開啟/關閉"],"fullName":"ModalManager 模態窗口開啟/關閉 應該正確關閉模態窗口","status":"passed","title":"應該正確關閉模態窗口","duration":23.239800000000287,"failureMessages":[],"location":{"line":41,"column":5},"meta":{}},{"ancestorTitles":["ModalManager","模態窗口開啟/關閉"],"fullName":"ModalManager 模態窗口開啟/關閉 應該關閉當前打開的模態窗口","status":"failed","title":"應該關閉當前打開的模態窗口","duration":23.112099999999828,"failureMessages":["TypeError: __vite_ssr_import_1__.ModalManager.closeCurrentModal is not a function\n    at C:\\Users\\Ng\\rs-system\\test\\unit\\ui.modal-manager.test.js:56:20\n    at file:///C:/Users/Ng/rs-system/node_modules/@vitest/runner/dist/index.js:146:14\n    at file:///C:/Users/Ng/rs-system/node_modules/@vitest/runner/dist/index.js:533:11\n    at runWithTimeout (file:///C:/Users/Ng/rs-system/node_modules/@vitest/runner/dist/index.js:39:7)\n    at runTest (file:///C:/Users/Ng/rs-system/node_modules/@vitest/runner/dist/index.js:1056:17)\n    at async Promise.all (index 2)\n    at runSuite (file:///C:/Users/Ng/rs-system/node_modules/@vitest/runner/dist/index.js:1191:13)\n    at async Promise.all (index 0)\n    at runSuite (file:///C:/Users/Ng/rs-system/node_modules/@vitest/runner/dist/index.js:1191:13)\n    at async Promise.all (index 0)"],"location":{"line":53,"column":5},"meta":{}},{"ancestorTitles":["ModalManager","模態窗口開啟/關閉"],"fullName":"ModalManager 模態窗口開啟/關閉 應該處理不存在的模態窗口","status":"passed","title":"應該處理不存在的模態窗口","duration":23.08060000000023,"failureMessages":[],"location":{"line":63,"column":5},"meta":{}},{"ancestorTitles":["ModalManager","確認對話框"],"fullName":"ModalManager 確認對話框 應該打開確認對話框","status":"failed","title":"應該打開確認對話框","duration":23.021400000000085,"failureMessages":["TypeError: __vite_ssr_import_1__.ModalManager.showConfirm is not a function\n    at C:\\Users\\Ng\\rs-system\\test\\unit\\ui.modal-manager.test.js:76:20\n    at file:///C:/Users/Ng/rs-system/node_modules/@vitest/runner/dist/index.js:146:14\n    at file:///C:/Users/Ng/rs-system/node_modules/@vitest/runner/dist/index.js:533:11\n    at runWithTimeout (file:///C:/Users/Ng/rs-system/node_modules/@vitest/runner/dist/index.js:39:7)\n    at runTest (file:///C:/Users/Ng/rs-system/node_modules/@vitest/runner/dist/index.js:1056:17)\n    at async Promise.all (index 0)\n    at runSuite (file:///C:/Users/Ng/rs-system/node_modules/@vitest/runner/dist/index.js:1191:13)\n    at async Promise.all (index 1)\n    at runSuite (file:///C:/Users/Ng/rs-system/node_modules/@vitest/runner/dist/index.js:1191:13)\n    at async Promise.all (index 0)"],"location":{"line":75,"column":5},"meta":{}},{"ancestorTitles":["ModalManager","確認對話框"],"fullName":"ModalManager 確認對話框 應該執行確認回調","status":"failed","title":"應該執行確認回調","duration":6.146099999999933,"failureMessages":["TypeError: __vite_ssr_import_1__.ModalManager.showConfirm is not a function\n    at C:\\Users\\Ng\\rs-system\\test\\unit\\ui.modal-manager.test.js:86:20\n    at file:///C:/Users/Ng/rs-system/node_modules/@vitest/runner/dist/index.js:146:14\n    at file:///C:/Users/Ng/rs-system/node_modules/@vitest/runner/dist/index.js:533:11\n    at runWithTimeout (file:///C:/Users/Ng/rs-system/node_modules/@vitest/runner/dist/index.js:39:7)\n    at runTest (file:///C:/Users/Ng/rs-system/node_modules/@vitest/runner/dist/index.js:1056:17)\n    at async Promise.all (index 1)\n    at runSuite (file:///C:/Users/Ng/rs-system/node_modules/@vitest/runner/dist/index.js:1191:13)\n    at async Promise.all (index 1)\n    at runSuite (file:///C:/Users/Ng/rs-system/node_modules/@vitest/runner/dist/index.js:1191:13)\n    at async Promise.all (index 0)"],"location":{"line":82,"column":5},"meta":{}},{"ancestorTitles":["ModalManager","確認對話框"],"fullName":"ModalManager 確認對話框 應該執行取消回調","status":"failed","title":"應該執行取消回調","duration":6.024200000000292,"failureMessages":["TypeError: __vite_ssr_import_1__.ModalManager.showConfirm is not a function\n    at C:\\Users\\Ng\\rs-system\\test\\unit\\ui.modal-manager.test.js:99:20\n    at file:///C:/Users/Ng/rs-system/node_modules/@vitest/runner/dist/index.js:146:14\n    at file:///C:/Users/Ng/rs-system/node_modules/@vitest/runner/dist/index.js:533:11\n    at runWithTimeout (file:///C:/Users/Ng/rs-system/node_modules/@vitest/runner/dist/index.js:39:7)\n    at runTest (file:///C:/Users/Ng/rs-system/node_modules/@vitest/runner/dist/index.js:1056:17)\n    at async Promise.all (index 2)\n    at runSuite (file:///C:/Users/Ng/rs-system/node_modules/@vitest/runner/dist/index.js:1191:13)\n    at async Promise.all (index 1)\n    at runSuite (file:///C:/Users/Ng/rs-system/node_modules/@vitest/runner/dist/index.js:1191:13)\n    at async Promise.all (index 0)"],"location":{"line":95,"column":5},"meta":{}},{"ancestorTitles":["ModalManager","自訂模態內容"],"fullName":"ModalManager 自訂模態內容 應該創建自訂模態窗口","status":"failed","title":"應該創建自訂模態窗口","duration":5.906399999999849,"failureMessages":["TypeError: __vite_ssr_import_1__.ModalManager.showCustomModal is not a function\n    at C:\\Users\\Ng\\rs-system\\test\\unit\\ui.modal-manager.test.js:113:20\n    at file:///C:/Users/Ng/rs-system/node_modules/@vitest/runner/dist/index.js:146:14\n    at file:///C:/Users/Ng/rs-system/node_modules/@vitest/runner/dist/index.js:533:11\n    at runWithTimeout (file:///C:/Users/Ng/rs-system/node_modules/@vitest/runner/dist/index.js:39:7)\n    at runTest (file:///C:/Users/Ng/rs-system/node_modules/@vitest/runner/dist/index.js:1056:17)\n    at async Promise.all (index 0)\n    at runSuite (file:///C:/Users/Ng/rs-system/node_modules/@vitest/runner/dist/index.js:1191:13)\n    at async Promise.all (index 2)\n    at runSuite (file:///C:/Users/Ng/rs-system/node_modules/@vitest/runner/dist/index.js:1191:13)\n    at async Promise.all (index 0)"],"location":{"line":110,"column":5},"meta":{}},{"ancestorTitles":["ModalManager","自訂模態內容"],"fullName":"ModalManager 自訂模態內容 應該關閉自訂模態窗口","status":"failed","title":"應該關閉自訂模態窗口","duration":5.83849999999984,"failureMessages":["TypeError: __vite_ssr_import_1__.ModalManager.showCustomModal is not a function\n    at C:\\Users\\Ng\\rs-system\\test\\unit\\ui.modal-manager.test.js:124:20\n    at file:///C:/Users/Ng/rs-system/node_modules/@vitest/runner/dist/index.js:146:14\n    at file:///C:/Users/Ng/rs-system/node_modules/@vitest/runner/dist/index.js:533:11\n    at runWithTimeout (file:///C:/Users/Ng/rs-system/node_modules/@vitest/runner/dist/index.js:39:7)\n    at runTest (file:///C:/Users/Ng/rs-system/node_modules/@vitest/runner/dist/index.js:1056:17)\n    at async Promise.all (index 1)\n    at runSuite (file:///C:/Users/Ng/rs-system/node_modules/@vitest/runner/dist/index.js:1191:13)\n    at async Promise.all (index 2)\n    at runSuite (file:///C:/Users/Ng/rs-system/node_modules/@vitest/runner/dist/index.js:1191:13)\n    at async Promise.all (index 0)"],"location":{"line":121,"column":5},"meta":{}},{"ancestorTitles":["ModalManager","模態事件處理"],"fullName":"ModalManager 模態事件處理 應該在 ESC 鍵按下時關閉模態窗口","status":"passed","title":"應該在 ESC 鍵按下時關閉模態窗口","duration":5.822200000000066,"failureMessages":[],"location":{"line":135,"column":5},"meta":{}},{"ancestorTitles":["ModalManager","模態事件處理"],"fullName":"ModalManager 模態事件處理 應該在點擊背景時關閉模態窗口","status":"passed","title":"應該在點擊背景時關閉模態窗口","duration":13.751800000000003,"failureMessages":[],"location":{"line":145,"column":5},"meta":{}},{"ancestorTitles":["ModalManager","模態事件處理"],"fullName":"ModalManager 模態事件處理 應該在點擊模態內容時不關閉模態窗口","status":"failed","title":"應該在點擊模態內容時不關閉模態窗口","duration":13.725199999999859,"failureMessages":["AssertionError: expected 'none' to be 'block' // Object.is equality\n    at C:\\Users\\Ng\\rs-system\\test\\unit\\ui.modal-manager.test.js:163:35\n    at file:///C:/Users/Ng/rs-system/node_modules/@vitest/runner/dist/index.js:146:14\n    at file:///C:/Users/Ng/rs-system/node_modules/@vitest/runner/dist/index.js:533:11\n    at runWithTimeout (file:///C:/Users/Ng/rs-system/node_modules/@vitest/runner/dist/index.js:39:7)\n    at runTest (file:///C:/Users/Ng/rs-system/node_modules/@vitest/runner/dist/index.js:1056:17)\n    at async Promise.all (index 2)\n    at runSuite (file:///C:/Users/Ng/rs-system/node_modules/@vitest/runner/dist/index.js:1191:13)\n    at async Promise.all (index 3)\n    at runSuite (file:///C:/Users/Ng/rs-system/node_modules/@vitest/runner/dist/index.js:1191:13)\n    at async Promise.all (index 0)"],"location":{"line":155,"column":5},"meta":{}},{"ancestorTitles":["ModalManager","模態窗口狀態管理"],"fullName":"ModalManager 模態窗口狀態管理 應該正確檢查模態窗口是否打開","status":"failed","title":"應該正確檢查模態窗口是否打開","duration":13.720100000000002,"failureMessages":["AssertionError: expected true to be false // Object.is equality\n    at C:\\Users\\Ng\\rs-system\\test\\unit\\ui.modal-manager.test.js:169:53\n    at file:///C:/Users/Ng/rs-system/node_modules/@vitest/runner/dist/index.js:146:14\n    at file:///C:/Users/Ng/rs-system/node_modules/@vitest/runner/dist/index.js:533:11\n    at runWithTimeout (file:///C:/Users/Ng/rs-system/node_modules/@vitest/runner/dist/index.js:39:7)\n    at runTest (file:///C:/Users/Ng/rs-system/node_modules/@vitest/runner/dist/index.js:1056:17)\n    at async Promise.all (index 0)\n    at runSuite (file:///C:/Users/Ng/rs-system/node_modules/@vitest/runner/dist/index.js:1191:13)\n    at async Promise.all (index 4)\n    at runSuite (file:///C:/Users/Ng/rs-system/node_modules/@vitest/runner/dist/index.js:1191:13)\n    at async Promise.all (index 0)"],"location":{"line":168,"column":5},"meta":{}},{"ancestorTitles":["ModalManager","模態窗口狀態管理"],"fullName":"ModalManager 模態窗口狀態管理 應該正確獲取當前模態窗口","status":"failed","title":"應該正確獲取當前模態窗口","duration":13.692199999999957,"failureMessages":["AssertionError: expected 'testModal' to be null // Object.is equality\n    at C:\\Users\\Ng\\rs-system\\test\\unit\\ui.modal-manager.test.js:177:46\n    at file:///C:/Users/Ng/rs-system/node_modules/@vitest/runner/dist/index.js:146:14\n    at file:///C:/Users/Ng/rs-system/node_modules/@vitest/runner/dist/index.js:533:11\n    at runWithTimeout (file:///C:/Users/Ng/rs-system/node_modules/@vitest/runner/dist/index.js:39:7)\n    at runTest (file:///C:/Users/Ng/rs-system/node_modules/@vitest/runner/dist/index.js:1056:17)\n    at async Promise.all (index 1)\n    at runSuite (file:///C:/Users/Ng/rs-system/node_modules/@vitest/runner/dist/index.js:1191:13)\n    at async Promise.all (index 4)\n    at runSuite (file:///C:/Users/Ng/rs-system/node_modules/@vitest/runner/dist/index.js:1191:13)\n    at async Promise.all (index 0)"],"location":{"line":176,"column":5},"meta":{}},{"ancestorTitles":["ModalManager","模態窗口狀態管理"],"fullName":"ModalManager 模態窗口狀態管理 應該關閉所有模態窗口","status":"passed","title":"應該關閉所有模態窗口","duration":13.671600000000126,"failureMessages":[],"location":{"line":184,"column":5},"meta":{}},{"ancestorTitles":["ModalManager","工具函數"],"fullName":"ModalManager 工具函數 應該正確轉義 HTML","status":"failed","title":"應該正確轉義 HTML","duration":5.161099999999806,"failureMessages":["TypeError: __vite_ssr_import_1__.ModalManager.escapeHtml is not a function\n    at C:\\Users\\Ng\\rs-system\\test\\unit\\ui.modal-manager.test.js:197:35\n    at file:///C:/Users/Ng/rs-system/node_modules/@vitest/runner/dist/index.js:146:14\n    at file:///C:/Users/Ng/rs-system/node_modules/@vitest/runner/dist/index.js:533:11\n    at runWithTimeout (file:///C:/Users/Ng/rs-system/node_modules/@vitest/runner/dist/index.js:39:7)\n    at runTest (file:///C:/Users/Ng/rs-system/node_modules/@vitest/runner/dist/index.js:1056:17)\n    at async Promise.all (index 0)\n    at runSuite (file:///C:/Users/Ng/rs-system/node_modules/@vitest/runner/dist/index.js:1191:13)\n    at async Promise.all (index 5)\n    at runSuite (file:///C:/Users/Ng/rs-system/node_modules/@vitest/runner/dist/index.js:1191:13)\n    at async Promise.all (index 0)"],"location":{"line":196,"column":5},"meta":{}},{"ancestorTitles":["ModalManager","工具函數"],"fullName":"ModalManager 工具函數 應該處理 null 輸入","status":"failed","title":"應該處理 null 輸入","duration":5.144900000000234,"failureMessages":["TypeError: __vite_ssr_import_1__.ModalManager.escapeHtml is not a function\n    at C:\\Users\\Ng\\rs-system\\test\\unit\\ui.modal-manager.test.js:202:35\n    at file:///C:/Users/Ng/rs-system/node_modules/@vitest/runner/dist/index.js:146:14\n    at file:///C:/Users/Ng/rs-system/node_modules/@vitest/runner/dist/index.js:533:11\n    at runWithTimeout (file:///C:/Users/Ng/rs-system/node_modules/@vitest/runner/dist/index.js:39:7)\n    at runTest (file:///C:/Users/Ng/rs-system/node_modules/@vitest/runner/dist/index.js:1056:17)\n    at async Promise.all (index 1)\n    at runSuite (file:///C:/Users/Ng/rs-system/node_modules/@vitest/runner/dist/index.js:1191:13)\n    at async Promise.all (index 5)\n    at runSuite (file:///C:/Users/Ng/rs-system/node_modules/@vitest/runner/dist/index.js:1191:13)\n    at async Promise.all (index 0)"],"location":{"line":201,"column":5},"meta":{}},{"ancestorTitles":["ModalManager","工具函數"],"fullName":"ModalManager 工具函數 應該處理 undefined 輸入","status":"failed","title":"應該處理 undefined 輸入","duration":5.137900000000172,"failureMessages":["TypeError: __vite_ssr_import_1__.ModalManager.escapeHtml is not a function\n    at C:\\Users\\Ng\\rs-system\\test\\unit\\ui.modal-manager.test.js:207:35\n    at file:///C:/Users/Ng/rs-system/node_modules/@vitest/runner/dist/index.js:146:14\n    at file:///C:/Users/Ng/rs-system/node_modules/@vitest/runner/dist/index.js:533:11\n    at runWithTimeout (file:///C:/Users/Ng/rs-system/node_modules/@vitest/runner/dist/index.js:39:7)\n    at runTest (file:///C:/Users/Ng/rs-system/node_modules/@vitest/runner/dist/index.js:1056:17)\n    at async Promise.all (index 2)\n    at runSuite (file:///C:/Users/Ng/rs-system/node_modules/@vitest/runner/dist/index.js:1191:13)\n    at async Promise.all (index 5)\n    at runSuite (file:///C:/Users/Ng/rs-system/node_modules/@vitest/runner/dist/index.js:1191:13)\n    at async Promise.all (index 0)"],"location":{"line":206,"column":5},"meta":{}},{"ancestorTitles":["ModalManager","工具函數"],"fullName":"ModalManager 工具函數 應該正確格式化文件大小","status":"failed","title":"應該正確格式化文件大小","duration":5.132499999999709,"failureMessages":["TypeError: __vite_ssr_import_1__.ModalManager.formatFileSize is not a function\n    at C:\\Users\\Ng\\rs-system\\test\\unit\\ui.modal-manager.test.js:212:27\n    at file:///C:/Users/Ng/rs-system/node_modules/@vitest/runner/dist/index.js:146:14\n    at file:///C:/Users/Ng/rs-system/node_modules/@vitest/runner/dist/index.js:533:11\n    at runWithTimeout (file:///C:/Users/Ng/rs-system/node_modules/@vitest/runner/dist/index.js:39:7)\n    at runTest (file:///C:/Users/Ng/rs-system/node_modules/@vitest/runner/dist/index.js:1056:17)\n    at async Promise.all (index 3)\n    at runSuite (file:///C:/Users/Ng/rs-system/node_modules/@vitest/runner/dist/index.js:1191:13)\n    at async Promise.all (index 5)\n    at runSuite (file:///C:/Users/Ng/rs-system/node_modules/@vitest/runner/dist/index.js:1191:13)\n    at async Promise.all (index 0)"],"location":{"line":211,"column":5},"meta":{}},{"ancestorTitles":["ModalManager","錯誤處理"],"fullName":"ModalManager 錯誤處理 應該處理重複打開模態窗口","status":"passed","title":"應該處理重複打開模態窗口","duration":5.06710000000
[...]
 (index 7)\n    at runSuite (file:///C:/Users/Ng/rs-system/node_modules/@vitest/runner/dist/index.js:1191:13)\n    at async Promise.all (index 0)\n    at runSuite (file:///C:/Users/Ng/rs-system/node_modules/@vitest/runner/dist/index.js:1191:13)\n    at async Promise.all (index 0)"],"location":{"line":113,"column":5},"meta":{}},{"ancestorTitles":["UserDisplayManager","角色顯示名稱"],"fullName":"UserDisplayManager 角色顯示名稱 應該正確映射角色名稱","status":"passed","title":"應該正確映射角色名稱","duration":12.450200000000223,"failureMessages":[],"location":{"line":138,"column":5},"meta":{}},{"ancestorTitles":["UserDisplayManager","角色顯示名稱"],"fullName":"UserDisplayManager 角色顯示名稱 應該返回默認角色名稱","status":"passed","title":"應該返回默認角色名稱","duration":12.443699999999808,"failureMessages":[],"location":{"line":145,"column":5},"meta":{}},{"ancestorTitles":["UserDisplayManager","錯誤處理"],"fullName":"UserDisplayManager 錯誤處理 應該處理不存在的元素","status":"passed","title":"應該處理不存在的元素","duration":2.55619999999999,"failureMessages":[],"location":{"line":152,"column":5},"meta":{}},{"ancestorTitles":["UserDisplayManager","錯誤處理"],"fullName":"UserDisplayManager 錯誤處理 應該處理 null 用戶","status":"passed","title":"應該處理 null 用戶","duration":2.533600000000206,"failureMessages":[],"location":{"line":171,"column":5},"meta":{}},{"ancestorTitles":["UserDisplayManager","錯誤處理"],"fullName":"UserDisplayManager 錯誤處理 應該處理 undefined 用戶","status":"passed","title":"應該處理 undefined 用戶","duration":2.5235999999999876,"failureMessages":[],"location":{"line":179,"column":5},"meta":{}}],"startTime":1773899799894,"endTime":1773899799921.5562,"status":"failed","message":"","name":"C:/Users/Ng/rs-system/test/unit/ui.user-display-manager.test.js"},{"assertionResults":[{"ancestorTitles":["Helpers","escapeHtml"],"fullName":"Helpers escapeHtml 應該轉義 HTML 特殊字符","status":"failed","title":"應該轉義 HTML 特殊字符","duration":7.02599999999984,"failureMessages":["AssertionError: expected '&lt;script&gt;alert(\"xss\")&lt;/script…' to be '&lt;script&gt;alert(&quot;xss&quot;)&…' // Object.is equality\n    at C:\\Users\\Ng\\rs-system\\test\\unit\\utils.helpers.test.js:14:33\n    at file:///C:/Users/Ng/rs-system/node_modules/@vitest/runner/dist/index.js:146:14\n    at file:///C:/Users/Ng/rs-system/node_modules/@vitest/runner/dist/index.js:533:11\n    at runWithTimeout (file:///C:/Users/Ng/rs-system/node_modules/@vitest/runner/dist/index.js:39:7)\n    at runTest (file:///C:/Users/Ng/rs-system/node_modules/@vitest/runner/dist/index.js:1056:17)\n    at async Promise.all (index 0)\n    at runSuite (file:///C:/Users/Ng/rs-system/node_modules/@vitest/runner/dist/index.js:1191:13)\n    at async Promise.all (index 0)\n    at runSuite (file:///C:/Users/Ng/rs-system/node_modules/@vitest/runner/dist/index.js:1191:13)\n    at async Promise.all (index 0)"],"location":{"line":10,"column":5},"meta":{}},{"ancestorTitles":["Helpers","escapeHtml"],"fullName":"Helpers escapeHtml 應該處理空字符串","status":"passed","title":"應該處理空字符串","duration":7,"failureMessages":[],"location":{"line":17,"column":5},"meta":{}},{"ancestorTitles":["Helpers","escapeHtml"],"fullName":"Helpers escapeHtml 應該處理 null 和 undefined","status":"passed","title":"應該處理 null 和 undefined","duration":6.9857999999999265,"failureMessages":[],"location":{"line":21,"column":5},"meta":{}},{"ancestorTitles":["Helpers","escapeHtml"],"fullName":"Helpers escapeHtml 應該轉義各種特殊字符","status":"failed","title":"應該轉義各種特殊字符","duration":6.967200000000048,"failureMessages":["AssertionError: expected '&amp; &lt; &gt; \" \\' /' to be '&amp; &lt; &gt; &quot; &#x27; &#x2F;' // Object.is equality\n    at C:\\Users\\Ng\\rs-system\\test\\unit\\utils.helpers.test.js:30:33\n    at file:///C:/Users/Ng/rs-system/node_modules/@vitest/runner/dist/index.js:146:14\n    at file:///C:/Users/Ng/rs-system/node_modules/@vitest/runner/dist/index.js:533:11\n    at runWithTimeout (file:///C:/Users/Ng/rs-system/node_modules/@vitest/runner/dist/index.js:39:7)\n    at runTest (file:///C:/Users/Ng/rs-system/node_modules/@vitest/runner/dist/index.js:1056:17)\n    at async Promise.all (index 3)\n    at runSuite (file:///C:/Users/Ng/rs-system/node_modules/@vitest/runner/dist/index.js:1191:13)\n    at async Promise.all (index 0)\n    at runSuite (file:///C:/Users/Ng/rs-system/node_modules/@vitest/runner/dist/index.js:1191:13)\n    at async Promise.all (index 0)"],"location":{"line":26,"column":5},"meta":{}},{"ancestorTitles":["Helpers","escapeHtml"],"fullName":"Helpers escapeHtml 應該保持非特殊字符不變","status":"passed","title":"應該保持非特殊字符不變","duration":6.964100000000144,"failureMessages":[],"location":{"line":33,"column":5},"meta":{}},{"ancestorTitles":["Helpers","toast"],"fullName":"Helpers toast 應該顯示成功消息","status":"failed","title":"應該顯示成功消息","duration":36.039999999999964,"failureMessages":["AssertionError: expected false to be true // Object.is equality\n    at C:\\Users\\Ng\\rs-system\\test\\unit\\utils.helpers.test.js:53:58\n    at file:///C:/Users/Ng/rs-system/node_modules/@vitest/runner/dist/index.js:146:14\n    at file:///C:/Users/Ng/rs-system/node_modules/@vitest/runner/dist/index.js:533:11\n    at runWithTimeout (file:///C:/Users/Ng/rs-system/node_modules/@vitest/runner/dist/index.js:39:7)\n    at runTest (file:///C:/Users/Ng/rs-system/node_modules/@vitest/runner/dist/index.js:1056:17)\n    at async Promise.all (index 0)\n    at runSuite (file:///C:/Users/Ng/rs-system/node_modules/@vitest/runner/dist/index.js:1191:13)\n    at async Promise.all (index 1)\n    at runSuite (file:///C:/Users/Ng/rs-system/node_modules/@vitest/runner/dist/index.js:1191:13)\n    at async Promise.all (index 0)"],"location":{"line":45,"column":5},"meta":{}},{"ancestorTitles":["Helpers","toast"],"fullName":"Helpers toast 應該顯示錯誤消息","status":"failed","title":"應該顯示錯誤消息","duration":36.00869999999986,"failureMessages":["AssertionError: expected '操作成功' to contain '操作失敗'\n    at C:\\Users\\Ng\\rs-system\\test\\unit\\utils.helpers.test.js:63:40\n    at file:///C:/Users/Ng/rs-system/node_modules/@vitest/runner/dist/index.js:146:14\n    at file:///C:/Users/Ng/rs-system/node_modules/@vitest/runner/dist/index.js:533:11\n    at runWithTimeout (file:///C:/Users/Ng/rs-system/node_modules/@vitest/runner/dist/index.js:39:7)\n    at runTest (file:///C:/Users/Ng/rs-system/node_modules/@vitest/runner/dist/index.js:1056:17)\n    at async Promise.all (index 1)\n    at runSuite (file:///C:/Users/Ng/rs-system/node_modules/@vitest/runner/dist/index.js:1191:13)\n    at async Promise.all (index 1)\n    at runSuite (file:///C:/Users/Ng/rs-system/node_modules/@vitest/runner/dist/index.js:1191:13)\n    at async Promise.all (index 0)"],"location":{"line":56,"column":5},"meta":{}},{"ancestorTitles":["Helpers","toast"],"fullName":"Helpers toast 應該顯示警告消息","status":"failed","title":"應該顯示警告消息","duration":35.95699999999988,"failureMessages":["AssertionError: expected '操作成功' to contain '警告信息'\n    at C:\\Users\\Ng\\rs-system\\test\\unit\\utils.helpers.test.js:74:40\n    at file:///C:/Users/Ng/rs-system/node_modules/@vitest/runner/dist/index.js:146:14\n    at file:///C:/Users/Ng/rs-system/node_modules/@vitest/runner/dist/index.js:533:11\n    at runWithTimeout (file:///C:/Users/Ng/rs-system/node_modules/@vitest/runner/dist/index.js:39:7)\n    at runTest (file:///C:/Users/Ng/rs-system/node_modules/@vitest/runner/dist/index.js:1056:17)\n    at async Promise.all (index 2)\n    at runSuite (file:///C:/Users/Ng/rs-system/node_modules/@vitest/runner/dist/index.js:1191:13)\n    at async Promise.all (index 1)\n    at runSuite (file:///C:/Users/Ng/rs-system/node_modules/@vitest/runner/dist/index.js:1191:13)\n    at async Promise.all (index 0)"],"location":{"line":67,"column":5},"meta":{}},{"ancestorTitles":["Helpers","toast"],"fullName":"Helpers toast 應該使用默認類型","status":"failed","title":"應該使用默認類型","duration":35.947000000000116,"failureMessages":["AssertionError: expected false to be true // Object.is equality\n    at C:\\Users\\Ng\\rs-system\\test\\unit\\utils.helpers.test.js:85:55\n    at file:///C:/Users/Ng/rs-system/node_modules/@vitest/runner/dist/index.js:146:14\n    at file:///C:/Users/Ng/rs-system/node_modules/@vitest/runner/dist/index.js:533:11\n    at runWithTimeout (file:///C:/Users/Ng/rs-system/node_modules/@vitest/runner/dist/index.js:39:7)\n    at runTest (file:///C:/Users/Ng/rs-system/node_modules/@vitest/runner/dist/index.js:1056:17)\n    at async Promise.all (index 3)\n    at runSuite (file:///C:/Users/Ng/rs-system/node_modules/@vitest/runner/dist/index.js:1191:13)\n    at async Promise.all (index 1)\n    at runSuite (file:///C:/Users/Ng/rs-system/node_modules/@vitest/runner/dist/index.js:1191:13)\n    at async Promise.all (index 0)"],"location":{"line":78,"column":5},"meta":{}},{"ancestorTitles":["Helpers","toast"],"fullName":"Helpers toast 應該自動消失","status":"passed","title":"應該自動消失","duration":35.93690000000015,"failureMessages":[],"location":{"line":88,"column":5},"meta":{}},{"ancestorTitles":["Helpers","todayStr"],"fullName":"Helpers todayStr 應該返回今天的日期字符串","status":"passed","title":"應該返回今天的日期字符串","duration":0.6512000000002445,"failureMessages":[],"location":{"line":105,"column":5},"meta":{}},{"ancestorTitles":["Helpers","todayStr"],"fullName":"Helpers todayStr 應該返回正確的格式","status":"passed","title":"應該返回正確的格式","duration":0.6264999999998508,"failureMessages":[],"location":{"line":112,"column":5},"meta":{}},{"ancestorTitles":["Helpers","todayStr"],"fullName":"Helpers todayStr 應該在不同日期返回不同結果","status":"passed","title":"應該在不同日期返回不同結果","duration":0.5814999999997781,"failureMessages":[],"location":{"line":119,"column":5},"meta":{}}],"startTime":1773899800506,"endTime":1773899800550.6265,"status":"failed","message":"","name":"C:/Users/Ng/rs-system/test/unit/utils.helpers.test.js"},{"assertionResults":[{"ancestorTitles":["Validators","isRequired"],"fullName":"Validators isRequired 應該驗證必需字段","status":"passed","title":"應該驗證必需字段","duration":3.5329000000001543,"failureMessages":[],"location":{"line":15,"column":5},"meta":{}},{"ancestorTitles":["Validators","isRequired"],"fullName":"Validators isRequired 應該拒絕空值","status":"passed","title":"應該拒絕空值","duration":3.483799999999974,"failureMessages":[],"location":{"line":21,"column":5},"meta":{}},{"ancestorTitles":["Validators","isRequired"],"fullName":"Validators isRequired 應該拒絕只有空格的字符串","status":"passed","title":"應該拒絕只有空格的字符串","duration":3.463799999999992,"failureMessages":[],"location":{"line":27,"column":5},"meta":{}},{"ancestorTitles":["Validators","isRequired"],"fullName":"Validators isRequired 應該接受非空字符串","status":"passed","title":"應該接受非空字符串","duration":3.4520000000002256,"failureMessages":[],"location":{"line":32,"column":5},"meta":{}},{"ancestorTitles":["Validators","isValidDate"],"fullName":"Validators isValidDate 應該驗證有效的日期字符串","status":"passed","title":"應該驗證有效的日期字符串","duration":3.4419000000002598,"failureMessages":[],"location":{"line":39,"column":5},"meta":{}},{"ancestorTitles":["Validators","isValidDate"],"fullName":"Validators isValidDate 應該拒絕無效的日期字符串","status":"failed","title":"應該拒絕無效的日期字符串","duration":4.057999999999993,"failureMessages":["AssertionError: expected true to be false // Object.is equality\n    at C:\\Users\\Ng\\rs-system\\test\\unit\\utils.validators.test.js:48:41\n    at file:///C:/Users/Ng/rs-system/node_modules/@vitest/runner/dist/index.js:146:14\n    at file:///C:/Users/Ng/rs-system/node_modules/@vitest/runner/dist/index.js:533:11\n    at runWithTimeout (file:///C:/Users/Ng/rs-system/node_modules/@vitest/runner/dist/index.js:39:7)\n    at runTest (file:///C:/Users/Ng/rs-system/node_modules/@vitest/runner/dist/index.js:1056:17)\n    at async Promise.all (index 1)\n    at runSuite (file:///C:/Users/Ng/rs-system/node_modules/@vitest/runner/dist/index.js:1191:13)\n    at async Promise.all (index 1)\n    at runSuite (file:///C:/Users/Ng/rs-system/node_modules/@vitest/runner/dist/index.js:1191:13)\n    at async Promise.all (index 0)"],"location":{"line":45,"column":5},"meta":{}},{"ancestorTitles":["Validators","isValidDate"],"fullName":"Validators isValidDate 應該拒絕非字符串輸入","status":"passed","title":"應該拒絕非字符串輸入","duration":4.03690000000006,"failureMessages":[],"location":{"line":52,"column":5},"meta":{}},{"ancestorTitles":["Validators","isValidDate"],"fullName":"Validators isValidDate 應該拒絕錯誤格式的日期","status":"passed","title":"應該拒絕錯誤格式的日期","duration":4.020899999999983,"failureMessages":[],"location":{"line":59,"column":5},"meta":{}},{"ancestorTitles":["Validators","isValidDate"],"fullName":"Validators isValidDate 應該驗證日期對象","status":"failed","title":"應該驗證日期對象","duration":4.007300000000214,"failureMessages":["AssertionError: expected false to be true // Object.is equality\n    at C:\\Users\\Ng\\rs-system\\test\\unit\\utils.validators.test.js:70:38\n    at file:///C:/Users/Ng/rs-system/node_modules/@vitest/runner/dist/index.js:146:14\n    at file:///C:/Users/Ng/rs-system/node_modules/@vitest/runner/dist/index.js:533:11\n    at runWithTimeout (file:///C:/Users/Ng/rs-system/node_modules/@vitest/runner/dist/index.js:39:7)\n    at runTest (file:///C:/Users/Ng/rs-system/node_modules/@vitest/runner/dist/index.js:1056:17)\n    at async Promise.all (index 4)\n    at runSuite (file:///C:/Users/Ng/rs-system/node_modules/@vitest/runner/dist/index.js:1191:13)\n    at async Promise.all (index 1)\n    at runSuite (file:///C:/Users/Ng/rs-system/node_modules/@vitest/runner/dist/index.js:1191:13)\n    at async Promise.all (index 0)"],"location":{"line":66,"column":5},"meta":{}},{"ancestorTitles":["Validators","isValidTime"],"fullName":"Validators isValidTime 應該驗證有效的時間字符串","status":"passed","title":"應該驗證有效的時間字符串","duration":4.002800000000207,"failureMessages":[],"location":{"line":76,"column":5},"meta":{}},{"ancestorTitles":["Validators","isValidTime"],"fullName":"Validators isValidTime 應該拒絕無效的時間字符串","status":"passed","title":"應該拒絕無效的時間字符串","duration":2.6673000000000684,"failureMessages":[],"location":{"line":83,"column":5},"meta":{}},{"ancestorTitles":["Validators","isValidTime"],"fullName":"Validators isValidTime 應該拒絕非字符串輸入","status":"passed","title":"應該拒絕非字符串輸入","duration":2.6455000000000837,"failureMessages":[],"location":{"line":90,"column":5},"meta":{}},{"ancestorTitles":["Validators","isValidTime"],"fullName":"Validators isValidTime 應該拒絕錯誤格式的時間","status":"passed","title":"應該拒絕錯誤格式的時間","duration":2.6030000000000655,"failureMessages":[],"location":{"line":97,"column":5},"meta":{}},{"ancestorTitles":["Validators","isValidTime"],"fullName":"Validators isValidTime 應該驗證時間對象","status":"failed","title":"應該驗證時間對象","duration":2.591699999999946,"failureMessages":["AssertionError: expected false to be true // Object.is equality\n    at C:\\Users\\Ng\\rs-system\\test\\unit\\utils.validators.test.js:109:38\n    at file:///C:/Users/Ng/rs-system/node_modules/@vitest/runner/dist/index.js:146:14\n    at file:///C:/Users/Ng/rs-system/node_modules/@vitest/runner/dist/index.js:533:11\n    at runWithTimeout (file:///C:/Users/Ng/rs-system/node_modules/@vitest/runner/dist/index.js:39:7)\n    at runTest (file:///C:/Users/Ng/rs-system/node_modules/@vitest/runner/dist/index.js:1056:17)\n    at async Promise.all (index 4)\n    at runSuite (file:///C:/Users/Ng/rs-system/node_modules/@vitest/runner/dist/index.js:1191:13)\n    at async Promise.all (index 2)\n    at runSuite (file:///C:/Users/Ng/rs-system/node_modules/@vitest/runner/dist/index.js:1191:13)\n    at async Promise.all (index 0)"],"location":{"line":105,"column":5},"meta":{}},{"ancestorTitles":["Validators","isInRange"],"fullName":"Validators isInRange 應該驗證數字範圍","status":"passed","title":"應該驗證數字範圍","duration":2.559900000000198,"failureMessages":[],"location":{"line":115,"column":5},"meta":{}},{"ancestorTitles":["Validators","isInRange"],"fullName":"Validators isInRange 應該拒絕超出範圍的數字","status":"passed","title":"應該拒絕超出範圍的數字","duration":1.3544000000001688,"failureMessages":[],"location":{"line":121,"column":5},"meta":{}},{"ancestorTitles":["Validators","isInRange"],"fullName":"Validators isInRange 應該驗證字符串長度範圍","status":"failed","title":"應該驗證字符串長度範圍","duration":1.3308000000001812,"failureMessages":["AssertionError: expected false to be true // Object.is equality\n    at C:\\Users\\Ng\\rs-system\\test\\unit\\utils.validators.test.js:127:41\n    at file:///C:/Users/Ng/rs-system/node_modules/@vitest/runner/dist/index.js:146:14\n    at file:///C:/Users/Ng/rs-system/node_modules/@vitest/runner/dist/index.js:533:11\n    at runWithTimeout (file:///C:/Users/Ng/rs-system/node_modules/@vitest/runner/dist/index.js:39:7)\n    at runTest (file:///C:/Users/Ng/rs-system/node_modules/@vitest/runner/dist/index.js:1056:17)\n    at async Promise.all (index 2)\n    at runSuite (file:///C:/Users/Ng/rs-system/node_modules/@vitest/runner/dist/index.js:1191:13)\n    at async Promise.all (index 3)\n    at runSuite (file:///C:/Users/Ng/rs-system/node_modules/@vitest/runner/dist/index.js:1191:13)\n    at async Promise.all (index 0)"],"location":{"line":126,"column":5},"meta":{}},{"ancestorTitles":["Validators","isInRange"],"fullName":"Validators isInRange 應該拒絕超出長度範圍的字符串","status":"passed","title":"應該拒絕超出長度範圍的字符串","duration":1.3269000000000233,"failureMessages":[],"location":{"line":132,"column":5},"meta":{}},{"ancestorTitles":["Validators","isInRange"],"fullName":"Validators isInRange 應該驗證數組長度範圍","status":"failed","title":"應該驗證數組長度範圍","duration":1.2932000000000698,"failureMessages":["AssertionError: expected false to be true // Object.is equality\n    at C:\\Users\\Ng\\rs-system\\test\\unit\\utils.validators.test.js:138:42\n    at file:///C:/Users/Ng/rs-system/node_modules/@vitest/runner/dist/index.js:146:14\n    at file:///C:/Users/Ng/rs-system/node_modules/@vitest/runner/dist/index.js:533:11\n    at runWithTimeout (file:///C:/Users/Ng/rs-system/node_modules/@vitest/runner/dist/index.js:39:7)\n    at runTest (file:///C:/Users/Ng/rs-system/node_modules/@vitest/runner/dist/index.js:1056:17)\n    at async Promise.all (index 4)\n    at runSuite (file:///C:/Users/Ng/rs-system/node_modules/@vitest/runner/dist/index.js:1191:13)\n    at async Promise.all (index 3)\n    at runSuite (file:///C:/Users/Ng/rs-system/node_modules/@vitest/runner/dist/index.js:1191:13)\n    at async Promise.all (index 0)"],"location":{"line":137,"column":5},"meta":{}},{"ancestorTitles":["Validators","isInRange"],"fullName":"Validators isInRange 應該拒絕超出長度範圍的數組","status":"passed","title":"應該拒絕超出長度範圍的數組","duration":1.2669999999998254,"failureMessages":[],"location":{"line":143,"column":5},"meta":{}},{"ancestorTitles":["Validators","isInRange"],"fullName":"Validators isInRange 應該處理無效輸入","status":"passed","title":"應該處理無效輸入","duration":0.7084999999997308,"failureMessages":[],"location":{"line":148,"column":5},"meta":{}},{"ancestorTitles":["Validators","isInRange"],"fullName":"Validators isInRange 應該處理反轉範圍","status":"failed","title":"應該處理反轉範圍","duration":0.6864999999997963,"failureMessages":["AssertionError: expected false to be true // Object.is equality\n    at C:\\Users\\Ng\\rs-system\\test\\unit\\utils.validators.test.js:155:35\n    at file:///C:/Users/Ng/rs-system/node_modules/@vitest/runner/dist/index.js:146:14\n    at file:///C:/Users/Ng/rs-system/node_modules/@vitest/runner/dist/index.js:533:11\n    at runWithTimeout (file:///C:/Users/Ng/rs-system/node_modules/@vitest/runner/dist/index.js:39:7)\n    at runTest (file:///C:/Users/Ng/rs-system/node_modules/@vitest/runner/dist/index.js:1056:17)\n    at async Promise.all (index 7)\n    at runSuite (file:///C:/Users/Ng/rs-system/node_modules/@vitest/runner/dist/index.js:1191:13)\n    at async Promise.all (index 3)\n    at runSuite (file:///C:/Users/Ng/rs-system/node_modules/@vitest/runner/dist/index.js:1191:13)\n    at async Promise.all (index 0)"],"location":{"line":154,"column":5},"meta":{}},{"ancestorTitles":["Validators","isInRange"],"fullName":"Validators isInRange 應該處理相同邊界","status":"passed","title":"應該處理相同邊界","duration":0.6809000000002925,"failureMessages":[],"location":{"line":160,"column":5},"meta":{}}],"startTime":1773899800507,"endTime":1773899800519.7085,"status":"failed","message":"","name":"C:/Users/Ng/rs-system/test/unit/utils.validators.test.js"}]}